[0.249s] DEBUG:colcon:Command line arguments: ['/usr/bin/colcon', 'build']
[0.250s] DEBUG:colcon:Parsed command line arguments: Namespace(log_base=None, log_level=None, verb_name='build', build_base='build', install_base='install', merge_install=False, symlink_install=False, test_result_base=None, continue_on_error=False, executor='parallel', parallel_workers=8, event_handlers=None, ignore_user_meta=False, metas=['./colcon.meta'], base_paths=['.'], packages_ignore=None, packages_ignore_regex=None, paths=None, packages_up_to=None, packages_up_to_regex=None, packages_above=None, packages_above_and_dependencies=None, packages_above_depth=None, packages_select_by_dep=None, packages_skip_by_dep=None, packages_skip_up_to=None, packages_select_build_failed=False, packages_skip_build_finished=False, packages_select_test_failures=False, packages_skip_test_passed=False, packages_select=None, packages_skip=None, packages_select_regex=None, packages_skip_regex=None, packages_start=None, packages_end=None, allow_overriding=[], cmake_args=None, cmake_target=None, cmake_target_skip_unavailable=False, cmake_clean_cache=False, cmake_clean_first=False, cmake_force_configure=False, ament_cmake_args=None, catkin_cmake_args=None, catkin_skip_building_tests=False, mixin_files=None, mixin=None, verb_parser=<colcon_mixin.mixin.mixin_argument.MixinArgumentDecorator object at 0x7f0e8dcea170>, verb_extension=<colcon_core.verb.build.BuildVerb object at 0x7f0e8dce9cc0>, main=<bound method BuildVerb.main of <colcon_core.verb.build.BuildVerb object at 0x7f0e8dce9cc0>>, mixin_verb=('build',))
[0.391s] Level 1:colcon.colcon_core.package_discovery:discover_packages(colcon_meta) check parameters
[0.392s] Level 1:colcon.colcon_core.package_discovery:discover_packages(recursive) check parameters
[0.393s] Level 1:colcon.colcon_core.package_discovery:discover_packages(ignore) check parameters
[0.393s] Level 1:colcon.colcon_core.package_discovery:discover_packages(path) check parameters
[0.393s] Level 1:colcon.colcon_core.package_discovery:discover_packages(colcon_meta) discover
[0.394s] Level 1:colcon.colcon_core.package_discovery:discover_packages(recursive) discover
[0.394s] INFO:colcon.colcon_core.package_discovery:Crawling recursively for packages in '/mnt/c/CS560/f24_robotics'
[0.396s] Level 1:colcon.colcon_core.package_identification:_identify(.) by extensions ['ignore', 'ignore_ament_install']
[0.397s] Level 1:colcon.colcon_core.package_identification:_identify(.) by extension 'ignore'
[0.397s] Level 1:colcon.colcon_core.package_identification:_identify(.) by extension 'ignore_ament_install'
[0.398s] Level 1:colcon.colcon_core.package_identification:_identify(.) by extensions ['colcon_pkg']
[0.398s] Level 1:colcon.colcon_core.package_identification:_identify(.) by extension 'colcon_pkg'
[0.398s] Level 1:colcon.colcon_core.package_identification:_identify(.) by extensions ['colcon_meta']
[0.399s] Level 1:colcon.colcon_core.package_identification:_identify(.) by extension 'colcon_meta'
[0.399s] Level 1:colcon.colcon_core.package_identification:_identify(.) by extensions ['ros']
[0.399s] Level 1:colcon.colcon_core.package_identification:_identify(.) by extension 'ros'
[0.413s] Level 1:colcon.colcon_core.package_identification:_identify(.) by extensions ['cmake', 'python']
[0.414s] Level 1:colcon.colcon_core.package_identification:_identify(.) by extension 'cmake'
[0.415s] Level 1:colcon.colcon_core.package_identification:_identify(.) by extension 'python'
[0.415s] Level 1:colcon.colcon_core.package_identification:_identify(.) by extensions ['python_setup_py']
[0.416s] Level 1:colcon.colcon_core.package_identification:_identify(.) by extension 'python_setup_py'
[0.420s] Level 1:colcon.colcon_core.package_identification:_identify(Homework1) by extensions ['ignore', 'ignore_ament_install']
[0.421s] Level 1:colcon.colcon_core.package_identification:_identify(Homework1) by extension 'ignore'
[0.422s] Level 1:colcon.colcon_core.package_identification:_identify(Homework1) by extension 'ignore_ament_install'
[0.424s] Level 1:colcon.colcon_core.package_identification:_identify(Homework1) by extensions ['colcon_pkg']
[0.425s] Level 1:colcon.colcon_core.package_identification:_identify(Homework1) by extension 'colcon_pkg'
[0.426s] Level 1:colcon.colcon_core.package_identification:_identify(Homework1) by extensions ['colcon_meta']
[0.426s] Level 1:colcon.colcon_core.package_identification:_identify(Homework1) by extension 'colcon_meta'
[0.427s] Level 1:colcon.colcon_core.package_identification:_identify(Homework1) by extensions ['ros']
[0.428s] Level 1:colcon.colcon_core.package_identification:_identify(Homework1) by extension 'ros'
[0.431s] Level 1:colcon.colcon_core.package_identification:_identify(Homework1) by extensions ['cmake', 'python']
[0.432s] Level 1:colcon.colcon_core.package_identification:_identify(Homework1) by extension 'cmake'
[0.433s] Level 1:colcon.colcon_core.package_identification:_identify(Homework1) by extension 'python'
[0.434s] Level 1:colcon.colcon_core.package_identification:_identify(Homework1) by extensions ['python_setup_py']
[0.434s] Level 1:colcon.colcon_core.package_identification:_identify(Homework1) by extension 'python_setup_py'
[0.438s] Level 1:colcon.colcon_core.package_identification:_identify(Resources) by extensions ['ignore', 'ignore_ament_install']
[0.438s] Level 1:colcon.colcon_core.package_identification:_identify(Resources) by extension 'ignore'
[0.439s] Level 1:colcon.colcon_core.package_identification:_identify(Resources) by extension 'ignore_ament_install'
[0.441s] Level 1:colcon.colcon_core.package_identification:_identify(Resources) by extensions ['colcon_pkg']
[0.441s] Level 1:colcon.colcon_core.package_identification:_identify(Resources) by extension 'colcon_pkg'
[0.443s] Level 1:colcon.colcon_core.package_identification:_identify(Resources) by extensions ['colcon_meta']
[0.443s] Level 1:colcon.colcon_core.package_identification:_identify(Resources) by extension 'colcon_meta'
[0.444s] Level 1:colcon.colcon_core.package_identification:_identify(Resources) by extensions ['ros']
[0.444s] Level 1:colcon.colcon_core.package_identification:_identify(Resources) by extension 'ros'
[0.448s] Level 1:colcon.colcon_core.package_identification:_identify(Resources) by extensions ['cmake', 'python']
[0.448s] Level 1:colcon.colcon_core.package_identification:_identify(Resources) by extension 'cmake'
[0.450s] Level 1:colcon.colcon_core.package_identification:_identify(Resources) by extension 'python'
[0.451s] Level 1:colcon.colcon_core.package_identification:_identify(Resources) by extensions ['python_setup_py']
[0.452s] Level 1:colcon.colcon_core.package_identification:_identify(Resources) by extension 'python_setup_py'
[0.456s] Level 1:colcon.colcon_core.package_identification:_identify(build) by extensions ['ignore', 'ignore_ament_install']
[0.456s] Level 1:colcon.colcon_core.package_identification:_identify(build) by extension 'ignore'
[0.458s] Level 1:colcon.colcon_core.package_identification:_identify(build) ignored
[0.461s] Level 1:colcon.colcon_core.package_identification:_identify(install) by extensions ['ignore', 'ignore_ament_install']
[0.462s] Level 1:colcon.colcon_core.package_identification:_identify(install) by extension 'ignore'
[0.464s] Level 1:colcon.colcon_core.package_identification:_identify(install) ignored
[0.472s] Level 1:colcon.colcon_core.package_identification:_identify(log) by extensions ['ignore', 'ignore_ament_install']
[0.472s] Level 1:colcon.colcon_core.package_identification:_identify(log) by extension 'ignore'
[0.474s] Level 1:colcon.colcon_core.package_identification:_identify(log) ignored
[0.477s] Level 1:colcon.colcon_core.package_identification:_identify(webots_ros2_homework1_python) by extensions ['ignore', 'ignore_ament_install']
[0.480s] Level 1:colcon.colcon_core.package_identification:_identify(webots_ros2_homework1_python) by extension 'ignore'
[0.482s] Level 1:colcon.colcon_core.package_identification:_identify(webots_ros2_homework1_python) by extension 'ignore_ament_install'
[0.484s] Level 1:colcon.colcon_core.package_identification:_identify(webots_ros2_homework1_python) by extensions ['colcon_pkg']
[0.484s] Level 1:colcon.colcon_core.package_identification:_identify(webots_ros2_homework1_python) by extension 'colcon_pkg'
[0.485s] Level 1:colcon.colcon_core.package_identification:_identify(webots_ros2_homework1_python) by extensions ['colcon_meta']
[0.485s] Level 1:colcon.colcon_core.package_identification:_identify(webots_ros2_homework1_python) by extension 'colcon_meta'
[0.487s] Level 1:colcon.colcon_core.package_identification:_identify(webots_ros2_homework1_python) by extensions ['ros']
[0.487s] Level 1:colcon.colcon_core.package_identification:_identify(webots_ros2_homework1_python) by extension 'ros'
[0.499s] DEBUG:colcon.colcon_core.package_identification:Package 'webots_ros2_homework1_python' with type 'ros.ament_python' and name 'webots_ros2_homework1_python'
[0.499s] Level 1:colcon.colcon_core.package_discovery:discover_packages(recursive) using defaults
[0.500s] Level 1:colcon.colcon_core.package_discovery:discover_packages(ignore) discover
[0.500s] Level 1:colcon.colcon_core.package_discovery:discover_packages(ignore) using defaults
[0.500s] Level 1:colcon.colcon_core.package_discovery:discover_packages(path) discover
[0.500s] Level 1:colcon.colcon_core.package_discovery:discover_packages(path) using defaults
[0.523s] Level 1:colcon.colcon_core.package_discovery:discover_packages(prefix_path) check parameters
[0.523s] Level 1:colcon.colcon_core.package_discovery:discover_packages(prefix_path) discover
[0.525s] DEBUG:colcon.colcon_installed_package_information.package_discovery:Found 301 installed packages in /opt/ros/humble
[0.527s] Level 1:colcon.colcon_core.package_discovery:discover_packages(prefix_path) using defaults
[0.568s] Level 5:colcon.colcon_core.verb:set package 'webots_ros2_homework1_python' build argument 'cmake_args' from command line to 'None'
[0.568s] Level 5:colcon.colcon_core.verb:set package 'webots_ros2_homework1_python' build argument 'cmake_target' from command line to 'None'
[0.568s] Level 5:colcon.colcon_core.verb:set package 'webots_ros2_homework1_python' build argument 'cmake_target_skip_unavailable' from command line to 'False'
[0.568s] Level 5:colcon.colcon_core.verb:set package 'webots_ros2_homework1_python' build argument 'cmake_clean_cache' from command line to 'False'
[0.569s] Level 5:colcon.colcon_core.verb:set package 'webots_ros2_homework1_python' build argument 'cmake_clean_first' from command line to 'False'
[0.570s] Level 5:colcon.colcon_core.verb:set package 'webots_ros2_homework1_python' build argument 'cmake_force_configure' from command line to 'False'
[0.570s] Level 5:colcon.colcon_core.verb:set package 'webots_ros2_homework1_python' build argument 'ament_cmake_args' from command line to 'None'
[0.570s] Level 5:colcon.colcon_core.verb:set package 'webots_ros2_homework1_python' build argument 'catkin_cmake_args' from command line to 'None'
[0.570s] Level 5:colcon.colcon_core.verb:set package 'webots_ros2_homework1_python' build argument 'catkin_skip_building_tests' from command line to 'False'
[0.571s] DEBUG:colcon.colcon_core.verb:Building package 'webots_ros2_homework1_python' with the following arguments: {'ament_cmake_args': None, 'build_base': '/mnt/c/CS560/f24_robotics/build/webots_ros2_homework1_python', 'catkin_cmake_args': None, 'catkin_skip_building_tests': False, 'cmake_args': None, 'cmake_clean_cache': False, 'cmake_clean_first': False, 'cmake_force_configure': False, 'cmake_target': None, 'cmake_target_skip_unavailable': False, 'install_base': '/mnt/c/CS560/f24_robotics/install/webots_ros2_homework1_python', 'merge_install': False, 'path': '/mnt/c/CS560/f24_robotics/webots_ros2_homework1_python', 'symlink_install': False, 'test_result_base': None}
[0.571s] INFO:colcon.colcon_core.executor:Executing jobs using 'parallel' executor
[0.572s] DEBUG:colcon.colcon_parallel_executor.executor.parallel:run_until_complete
[0.572s] INFO:colcon.colcon_ros.task.ament_python.build:Building ROS package in '/mnt/c/CS560/f24_robotics/webots_ros2_homework1_python' with build type 'ament_python'
[0.572s] Level 1:colcon.colcon_core.shell:create_environment_hook('webots_ros2_homework1_python', 'ament_prefix_path')
[0.575s] INFO:colcon.colcon_core.plugin_system:Skipping extension 'colcon_core.shell.bat': Not used on non-Windows systems
[0.575s] INFO:colcon.colcon_core.shell:Creating environment hook '/mnt/c/CS560/f24_robotics/install/webots_ros2_homework1_python/share/webots_ros2_homework1_python/hook/ament_prefix_path.ps1'
[0.587s] INFO:colcon.colcon_core.shell:Creating environment descriptor '/mnt/c/CS560/f24_robotics/install/webots_ros2_homework1_python/share/webots_ros2_homework1_python/hook/ament_prefix_path.dsv'
[0.599s] INFO:colcon.colcon_core.shell:Creating environment hook '/mnt/c/CS560/f24_robotics/install/webots_ros2_homework1_python/share/webots_ros2_homework1_python/hook/ament_prefix_path.sh'
[0.611s] INFO:colcon.colcon_core.shell:Skip shell extension 'powershell' for command environment: Not usable outside of PowerShell
[0.612s] DEBUG:colcon.colcon_core.shell:Skip shell extension 'dsv' for command environment
[0.912s] INFO:colcon.colcon_core.task.python.build:Building Python package in '/mnt/c/CS560/f24_robotics/webots_ros2_homework1_python'
[0.912s] INFO:colcon.colcon_core.shell:Skip shell extension 'powershell' for command environment: Not usable outside of PowerShell
[0.913s] DEBUG:colcon.colcon_core.shell:Skip shell extension 'dsv' for command environment
[1.794s] DEBUG:colcon.colcon_core.event_handler.log_command:Invoking command in '/mnt/c/CS560/f24_robotics/webots_ros2_homework1_python': PYTHONPATH=/mnt/c/CS560/f24_robotics/build/webots_ros2_homework1_python/prefix_override:/usr/lib/python3/dist-packages/colcon_core/task/python/colcon_distutils_commands:/mnt/c/CS560/f24_robotics/install/webots_ros2_homework1_python/lib/python3.10/site-packages:${PYTHONPATH} /usr/bin/python3 -W ignore:setup.py install is deprecated setup.py egg_info --egg-base ../build/webots_ros2_homework1_python build --build-base /mnt/c/CS560/f24_robotics/build/webots_ros2_homework1_python/build install --record /mnt/c/CS560/f24_robotics/build/webots_ros2_homework1_python/install.log --single-version-externally-managed install_data
[2.967s] Level 1:colcon.colcon_core.environment:checking '/mnt/c/CS560/f24_robotics/install/webots_ros2_homework1_python' for CMake module files
[2.972s] DEBUG:colcon.colcon_core.event_handler.log_command:Invoked command in '/mnt/c/CS560/f24_robotics/webots_ros2_homework1_python' returned '0': PYTHONPATH=/mnt/c/CS560/f24_robotics/build/webots_ros2_homework1_python/prefix_override:/usr/lib/python3/dist-packages/colcon_core/task/python/colcon_distutils_commands:/mnt/c/CS560/f24_robotics/install/webots_ros2_homework1_python/lib/python3.10/site-packages:${PYTHONPATH} /usr/bin/python3 -W ignore:setup.py install is deprecated setup.py egg_info --egg-base ../build/webots_ros2_homework1_python build --build-base /mnt/c/CS560/f24_robotics/build/webots_ros2_homework1_python/build install --record /mnt/c/CS560/f24_robotics/build/webots_ros2_homework1_python/install.log --single-version-externally-managed install_data
[3.013s] Level 1:colcon.colcon_core.environment:checking '/mnt/c/CS560/f24_robotics/install/webots_ros2_homework1_python' for CMake config files
[3.079s] Level 1:colcon.colcon_core.environment:checking '/mnt/c/CS560/f24_robotics/install/webots_ros2_homework1_python/lib'
[3.082s] Level 1:colcon.colcon_core.environment:checking '/mnt/c/CS560/f24_robotics/install/webots_ros2_homework1_python/bin'
[3.083s] Level 1:colcon.colcon_core.environment:checking '/mnt/c/CS560/f24_robotics/install/webots_ros2_homework1_python/lib/pkgconfig/webots_ros2_homework1_python.pc'
[3.085s] Level 1:colcon.colcon_core.environment:checking '/mnt/c/CS560/f24_robotics/install/webots_ros2_homework1_python/lib/python3.10/site-packages'
[3.086s] Level 1:colcon.colcon_core.shell:create_environment_hook('webots_ros2_homework1_python', 'pythonpath')
[3.087s] INFO:colcon.colcon_core.shell:Creating environment hook '/mnt/c/CS560/f24_robotics/install/webots_ros2_homework1_python/share/webots_ros2_homework1_python/hook/pythonpath.ps1'
[3.096s] INFO:colcon.colcon_core.shell:Creating environment descriptor '/mnt/c/CS560/f24_robotics/install/webots_ros2_homework1_python/share/webots_ros2_homework1_python/hook/pythonpath.dsv'
[3.105s] INFO:colcon.colcon_core.shell:Creating environment hook '/mnt/c/CS560/f24_robotics/install/webots_ros2_homework1_python/share/webots_ros2_homework1_python/hook/pythonpath.sh'
[3.114s] Level 1:colcon.colcon_core.environment:checking '/mnt/c/CS560/f24_robotics/install/webots_ros2_homework1_python/bin'
[3.115s] Level 1:colcon.colcon_core.environment:create_environment_scripts_only(webots_ros2_homework1_python)
[3.115s] INFO:colcon.colcon_core.shell:Creating package script '/mnt/c/CS560/f24_robotics/install/webots_ros2_homework1_python/share/webots_ros2_homework1_python/package.ps1'
[3.123s] INFO:colcon.colcon_core.shell:Creating package descriptor '/mnt/c/CS560/f24_robotics/install/webots_ros2_homework1_python/share/webots_ros2_homework1_python/package.dsv'
[3.133s] INFO:colcon.colcon_core.shell:Creating package script '/mnt/c/CS560/f24_robotics/install/webots_ros2_homework1_python/share/webots_ros2_homework1_python/package.sh'
[3.141s] INFO:colcon.colcon_core.shell:Creating package script '/mnt/c/CS560/f24_robotics/install/webots_ros2_homework1_python/share/webots_ros2_homework1_python/package.bash'
[3.151s] INFO:colcon.colcon_core.shell:Creating package script '/mnt/c/CS560/f24_robotics/install/webots_ros2_homework1_python/share/webots_ros2_homework1_python/package.zsh'
[3.161s] Level 1:colcon.colcon_core.environment:create_file_with_runtime_dependencies(/mnt/c/CS560/f24_robotics/install/webots_ros2_homework1_python/share/colcon-core/packages/webots_ros2_homework1_python)
[3.169s] DEBUG:colcon.colcon_parallel_executor.executor.parallel:closing loop
[3.170s] DEBUG:colcon.colcon_parallel_executor.executor.parallel:loop closed
[3.170s] DEBUG:colcon.colcon_parallel_executor.executor.parallel:run_until_complete finished with '0'
[3.170s] DEBUG:colcon.colcon_core.event_reactor:joining thread
[3.224s] INFO:colcon.colcon_core.plugin_system:Skipping extension 'colcon_notification.desktop_notification.notify_send': Could not find 'notify-send'
[3.225s] INFO:colcon.colcon_core.plugin_system:Skipping extension 'colcon_notification.desktop_notification.terminal_notifier': Not used on non-Darwin systems
[3.225s] INFO:colcon.colcon_core.plugin_system:Skipping extension 'colcon_notification.desktop_notification.win32': Not used on non-Windows systems
[3.225s] INFO:colcon.colcon_notification.desktop_notification:Sending desktop notification using 'notify2'
[3.225s] DEBUG:colcon.colcon_notification.desktop_notification.notify2:Failed to initialize notify2: org.freedesktop.DBus.Error.FileNotFound: Failed to connect to socket /run/user/1000/bus: No such file or directory
[3.226s] DEBUG:colcon.colcon_core.event_reactor:joined thread
[3.226s] INFO:colcon.colcon_core.shell:Creating prefix script '/mnt/c/CS560/f24_robotics/install/local_setup.ps1'
[3.232s] INFO:colcon.colcon_core.shell:Creating prefix util module '/mnt/c/CS560/f24_robotics/install/_local_setup_util_ps1.py'
[3.238s] INFO:colcon.colcon_core.shell:Creating prefix chain script '/mnt/c/CS560/f24_robotics/install/setup.ps1'
[3.243s] INFO:colcon.colcon_core.shell:Creating prefix script '/mnt/c/CS560/f24_robotics/install/local_setup.sh'
[3.248s] INFO:colcon.colcon_core.shell:Creating prefix util module '/mnt/c/CS560/f24_robotics/install/_local_setup_util_sh.py'
[3.253s] INFO:colcon.colcon_core.shell:Creating prefix chain script '/mnt/c/CS560/f24_robotics/install/setup.sh'
[3.258s] INFO:colcon.colcon_core.shell:Creating prefix script '/mnt/c/CS560/f24_robotics/install/local_setup.bash'
[3.263s] INFO:colcon.colcon_core.shell:Creating prefix chain script '/mnt/c/CS560/f24_robotics/install/setup.bash'
[3.269s] INFO:colcon.colcon_core.shell:Creating prefix script '/mnt/c/CS560/f24_robotics/install/local_setup.zsh'
[3.274s] INFO:colcon.colcon_core.shell:Creating prefix chain script '/mnt/c/CS560/f24_robotics/install/setup.zsh'
