[4.693s] Invoking command in '/mnt/c/CS560/f24_robotics/webots_ros2_homework1_python': PYTHONPATH=/mnt/c/CS560/f24_robotics/build/webots_ros2_homework1_python/prefix_override:/usr/lib/python3/dist-packages/colcon_core/task/python/colcon_distutils_commands:/mnt/c/CS560/f24_robotics/install/webots_ros2_homework1_python/lib/python3.10/site-packages:${PYTHONPATH} /usr/bin/python3 -W ignore:setup.py install is deprecated setup.py egg_info --egg-base ../build/webots_ros2_homework1_python build --build-base /mnt/c/CS560/f24_robotics/build/webots_ros2_homework1_python/build install --record /mnt/c/CS560/f24_robotics/build/webots_ros2_homework1_python/install.log --single-version-externally-managed install_data
[6.165s] running egg_info
[6.176s] writing ../build/webots_ros2_homework1_python/webots_ros2_homework1_python.egg-info/PKG-INFO
[6.192s] writing dependency_links to ../build/webots_ros2_homework1_python/webots_ros2_homework1_python.egg-info/dependency_links.txt
[6.203s] writing entry points to ../build/webots_ros2_homework1_python/webots_ros2_homework1_python.egg-info/entry_points.txt
[6.214s] writing requirements to ../build/webots_ros2_homework1_python/webots_ros2_homework1_python.egg-info/requires.txt
[6.222s] writing top-level names to ../build/webots_ros2_homework1_python/webots_ros2_homework1_python.egg-info/top_level.txt
[6.318s] reading manifest file '../build/webots_ros2_homework1_python/webots_ros2_homework1_python.egg-info/SOURCES.txt'
[6.483s] writing manifest file '../build/webots_ros2_homework1_python/webots_ros2_homework1_python.egg-info/SOURCES.txt'
[6.491s] running build
[6.492s] running build_py
[6.597s] running install
[6.598s] running install_lib
[6.837s] running install_data
[6.944s] running install_egg_info
[6.956s] removing '/mnt/c/CS560/f24_robotics/install/webots_ros2_homework1_python/lib/python3.10/site-packages/webots_ros2_homework1_python-0.0.0-py3.10.egg-info' (and everything under it)
[7.033s] Copying ../build/webots_ros2_homework1_python/webots_ros2_homework1_python.egg-info to /mnt/c/CS560/f24_robotics/install/webots_ros2_homework1_python/lib/python3.10/site-packages/webots_ros2_homework1_python-0.0.0-py3.10.egg-info
[7.348s] running install_scripts
[7.434s] Installing webots_ros2_homework1_python script to /mnt/c/CS560/f24_robotics/install/webots_ros2_homework1_python/lib/webots_ros2_homework1_python
[7.458s] writing list of installed files to '/mnt/c/CS560/f24_robotics/build/webots_ros2_homework1_python/install.log'
[7.486s] Invoked command in '/mnt/c/CS560/f24_robotics/webots_ros2_homework1_python' returned '0': PYTHONPATH=/mnt/c/CS560/f24_robotics/build/webots_ros2_homework1_python/prefix_override:/usr/lib/python3/dist-packages/colcon_core/task/python/colcon_distutils_commands:/mnt/c/CS560/f24_robotics/install/webots_ros2_homework1_python/lib/python3.10/site-packages:${PYTHONPATH} /usr/bin/python3 -W ignore:setup.py install is deprecated setup.py egg_info --egg-base ../build/webots_ros2_homework1_python build --build-base /mnt/c/CS560/f24_robotics/build/webots_ros2_homework1_python/build install --record /mnt/c/CS560/f24_robotics/build/webots_ros2_homework1_python/install.log --single-version-externally-managed install_data
