[0.755s] DEBUG:colcon:Command line arguments: ['/usr/bin/colcon', 'build']
[0.756s] DEBUG:colcon:Parsed command line arguments: Namespace(log_base=None, log_level=None, verb_name='build', build_base='build', install_base='install', merge_install=False, symlink_install=False, test_result_base=None, continue_on_error=False, executor='parallel', parallel_workers=8, event_handlers=None, ignore_user_meta=False, metas=['./colcon.meta'], base_paths=['.'], packages_ignore=None, packages_ignore_regex=None, paths=None, packages_up_to=None, packages_up_to_regex=None, packages_above=None, packages_above_and_dependencies=None, packages_above_depth=None, packages_select_by_dep=None, packages_skip_by_dep=None, packages_skip_up_to=None, packages_select_build_failed=False, packages_skip_build_finished=False, packages_select_test_failures=False, packages_skip_test_passed=False, packages_select=None, packages_skip=None, packages_select_regex=None, packages_skip_regex=None, packages_start=None, packages_end=None, allow_overriding=[], cmake_args=None, cmake_target=None, cmake_target_skip_unavailable=False, cmake_clean_cache=False, cmake_clean_first=False, cmake_force_configure=False, ament_cmake_args=None, catkin_cmake_args=None, catkin_skip_building_tests=False, mixin_files=None, mixin=None, verb_parser=<colcon_mixin.mixin.mixin_argument.MixinArgumentDecorator object at 0x7f3333f7de40>, verb_extension=<colcon_core.verb.build.BuildVerb object at 0x7f3333f7d990>, main=<bound method BuildVerb.main of <colcon_core.verb.build.BuildVerb object at 0x7f3333f7d990>>, mixin_verb=('build',))
[1.309s] Level 1:colcon.colcon_core.package_discovery:discover_packages(colcon_meta) check parameters
[1.310s] Level 1:colcon.colcon_core.package_discovery:discover_packages(recursive) check parameters
[1.310s] Level 1:colcon.colcon_core.package_discovery:discover_packages(ignore) check parameters
[1.311s] Level 1:colcon.colcon_core.package_discovery:discover_packages(path) check parameters
[1.314s] Level 1:colcon.colcon_core.package_discovery:discover_packages(colcon_meta) discover
[1.314s] Level 1:colcon.colcon_core.package_discovery:discover_packages(recursive) discover
[1.315s] INFO:colcon.colcon_core.package_discovery:Crawling recursively for packages in '/mnt/c/CS560/f24_robotics'
[1.317s] Level 1:colcon.colcon_core.package_identification:_identify(.) by extensions ['ignore', 'ignore_ament_install']
[1.318s] Level 1:colcon.colcon_core.package_identification:_identify(.) by extension 'ignore'
[1.319s] Level 1:colcon.colcon_core.package_identification:_identify(.) by extension 'ignore_ament_install'
[1.320s] Level 1:colcon.colcon_core.package_identification:_identify(.) by extensions ['colcon_pkg']
[1.320s] Level 1:colcon.colcon_core.package_identification:_identify(.) by extension 'colcon_pkg'
[1.320s] Level 1:colcon.colcon_core.package_identification:_identify(.) by extensions ['colcon_meta']
[1.320s] Level 1:colcon.colcon_core.package_identification:_identify(.) by extension 'colcon_meta'
[1.321s] Level 1:colcon.colcon_core.package_identification:_identify(.) by extensions ['ros']
[1.321s] Level 1:colcon.colcon_core.package_identification:_identify(.) by extension 'ros'
[1.357s] Level 1:colcon.colcon_core.package_identification:_identify(.) by extensions ['cmake', 'python']
[1.357s] Level 1:colcon.colcon_core.package_identification:_identify(.) by extension 'cmake'
[1.358s] Level 1:colcon.colcon_core.package_identification:_identify(.) by extension 'python'
[1.359s] Level 1:colcon.colcon_core.package_identification:_identify(.) by extensions ['python_setup_py']
[1.359s] Level 1:colcon.colcon_core.package_identification:_identify(.) by extension 'python_setup_py'
[1.364s] Level 1:colcon.colcon_core.package_identification:_identify(Homework1) by extensions ['ignore', 'ignore_ament_install']
[1.364s] Level 1:colcon.colcon_core.package_identification:_identify(Homework1) by extension 'ignore'
[1.366s] Level 1:colcon.colcon_core.package_identification:_identify(Homework1) by extension 'ignore_ament_install'
[1.370s] Level 1:colcon.colcon_core.package_identification:_identify(Homework1) by extensions ['colcon_pkg']
[1.370s] Level 1:colcon.colcon_core.package_identification:_identify(Homework1) by extension 'colcon_pkg'
[1.372s] Level 1:colcon.colcon_core.package_identification:_identify(Homework1) by extensions ['colcon_meta']
[1.372s] Level 1:colcon.colcon_core.package_identification:_identify(Homework1) by extension 'colcon_meta'
[1.374s] Level 1:colcon.colcon_core.package_identification:_identify(Homework1) by extensions ['ros']
[1.374s] Level 1:colcon.colcon_core.package_identification:_identify(Homework1) by extension 'ros'
[1.381s] Level 1:colcon.colcon_core.package_identification:_identify(Homework1) by extensions ['cmake', 'python']
[1.381s] Level 1:colcon.colcon_core.package_identification:_identify(Homework1) by extension 'cmake'
[1.383s] Level 1:colcon.colcon_core.package_identification:_identify(Homework1) by extension 'python'
[1.385s] Level 1:colcon.colcon_core.package_identification:_identify(Homework1) by extensions ['python_setup_py']
[1.385s] Level 1:colcon.colcon_core.package_identification:_identify(Homework1) by extension 'python_setup_py'
[1.390s] Level 1:colcon.colcon_core.package_identification:_identify(Resources) by extensions ['ignore', 'ignore_ament_install']
[1.391s] Level 1:colcon.colcon_core.package_identification:_identify(Resources) by extension 'ignore'
[1.392s] Level 1:colcon.colcon_core.package_identification:_identify(Resources) by extension 'ignore_ament_install'
[1.394s] Level 1:colcon.colcon_core.package_identification:_identify(Resources) by extensions ['colcon_pkg']
[1.395s] Level 1:colcon.colcon_core.package_identification:_identify(Resources) by extension 'colcon_pkg'
[1.396s] Level 1:colcon.colcon_core.package_identification:_identify(Resources) by extensions ['colcon_meta']
[1.396s] Level 1:colcon.colcon_core.package_identification:_identify(Resources) by extension 'colcon_meta'
[1.398s] Level 1:colcon.colcon_core.package_identification:_identify(Resources) by extensions ['ros']
[1.398s] Level 1:colcon.colcon_core.package_identification:_identify(Resources) by extension 'ros'
[1.403s] Level 1:colcon.colcon_core.package_identification:_identify(Resources) by extensions ['cmake', 'python']
[1.403s] Level 1:colcon.colcon_core.package_identification:_identify(Resources) by extension 'cmake'
[1.404s] Level 1:colcon.colcon_core.package_identification:_identify(Resources) by extension 'python'
[1.406s] Level 1:colcon.colcon_core.package_identification:_identify(Resources) by extensions ['python_setup_py']
[1.406s] Level 1:colcon.colcon_core.package_identification:_identify(Resources) by extension 'python_setup_py'
[1.414s] Level 1:colcon.colcon_core.package_identification:_identify(build) by extensions ['ignore', 'ignore_ament_install']
[1.414s] Level 1:colcon.colcon_core.package_identification:_identify(build) by extension 'ignore'
[1.416s] Level 1:colcon.colcon_core.package_identification:_identify(build) ignored
[1.423s] Level 1:colcon.colcon_core.package_identification:_identify(install) by extensions ['ignore', 'ignore_ament_install']
[1.424s] Level 1:colcon.colcon_core.package_identification:_identify(install) by extension 'ignore'
[1.426s] Level 1:colcon.colcon_core.package_identification:_identify(install) ignored
[1.434s] Level 1:colcon.colcon_core.package_identification:_identify(log) by extensions ['ignore', 'ignore_ament_install']
[1.434s] Level 1:colcon.colcon_core.package_identification:_identify(log) by extension 'ignore'
[1.436s] Level 1:colcon.colcon_core.package_identification:_identify(log) ignored
[1.440s] Level 1:colcon.colcon_core.package_identification:_identify(webots_ros2_homework1_python) by extensions ['ignore', 'ignore_ament_install']
[1.441s] Level 1:colcon.colcon_core.package_identification:_identify(webots_ros2_homework1_python) by extension 'ignore'
[1.443s] Level 1:colcon.colcon_core.package_identification:_identify(webots_ros2_homework1_python) by extension 'ignore_ament_install'
[1.445s] Level 1:colcon.colcon_core.package_identification:_identify(webots_ros2_homework1_python) by extensions ['colcon_pkg']
[1.446s] Level 1:colcon.colcon_core.package_identification:_identify(webots_ros2_homework1_python) by extension 'colcon_pkg'
[1.447s] Level 1:colcon.colcon_core.package_identification:_identify(webots_ros2_homework1_python) by extensions ['colcon_meta']
[1.448s] Level 1:colcon.colcon_core.package_identification:_identify(webots_ros2_homework1_python) by extension 'colcon_meta'
[1.450s] Level 1:colcon.colcon_core.package_identification:_identify(webots_ros2_homework1_python) by extensions ['ros']
[1.450s] Level 1:colcon.colcon_core.package_identification:_identify(webots_ros2_homework1_python) by extension 'ros'
[1.468s] DEBUG:colcon.colcon_core.package_identification:Package 'webots_ros2_homework1_python' with type 'ros.ament_python' and name 'webots_ros2_homework1_python'
[1.469s] Level 1:colcon.colcon_core.package_discovery:discover_packages(recursive) using defaults
[1.470s] Level 1:colcon.colcon_core.package_discovery:discover_packages(ignore) discover
[1.470s] Level 1:colcon.colcon_core.package_discovery:discover_packages(ignore) using defaults
[1.470s] Level 1:colcon.colcon_core.package_discovery:discover_packages(path) discover
[1.471s] Level 1:colcon.colcon_core.package_discovery:discover_packages(path) using defaults
[1.580s] Level 1:colcon.colcon_core.package_discovery:discover_packages(prefix_path) check parameters
[1.580s] Level 1:colcon.colcon_core.package_discovery:discover_packages(prefix_path) discover
[1.639s] DEBUG:colcon.colcon_installed_package_information.package_discovery:Found 1 installed packages in /mnt/c/CS560/f24_robotics/install
[1.642s] DEBUG:colcon.colcon_installed_package_information.package_discovery:Found 301 installed packages in /opt/ros/humble
[1.646s] Level 1:colcon.colcon_core.package_discovery:discover_packages(prefix_path) using defaults
[1.806s] Level 5:colcon.colcon_core.verb:set package 'webots_ros2_homework1_python' build argument 'cmake_args' from command line to 'None'
[1.806s] Level 5:colcon.colcon_core.verb:set package 'webots_ros2_homework1_python' build argument 'cmake_target' from command line to 'None'
[1.806s] Level 5:colcon.colcon_core.verb:set package 'webots_ros2_homework1_python' build argument 'cmake_target_skip_unavailable' from command line to 'False'
[1.807s] Level 5:colcon.colcon_core.verb:set package 'webots_ros2_homework1_python' build argument 'cmake_clean_cache' from command line to 'False'
[1.807s] Level 5:colcon.colcon_core.verb:set package 'webots_ros2_homework1_python' build argument 'cmake_clean_first' from command line to 'False'
[1.807s] Level 5:colcon.colcon_core.verb:set package 'webots_ros2_homework1_python' build argument 'cmake_force_configure' from command line to 'False'
[1.808s] Level 5:colcon.colcon_core.verb:set package 'webots_ros2_homework1_python' build argument 'ament_cmake_args' from command line to 'None'
[1.808s] Level 5:colcon.colcon_core.verb:set package 'webots_ros2_homework1_python' build argument 'catkin_cmake_args' from command line to 'None'
[1.808s] Level 5:colcon.colcon_core.verb:set package 'webots_ros2_homework1_python' build argument 'catkin_skip_building_tests' from command line to 'False'
[1.809s] DEBUG:colcon.colcon_core.verb:Building package 'webots_ros2_homework1_python' with the following arguments: {'ament_cmake_args': None, 'build_base': '/mnt/c/CS560/f24_robotics/build/webots_ros2_homework1_python', 'catkin_cmake_args': None, 'catkin_skip_building_tests': False, 'cmake_args': None, 'cmake_clean_cache': False, 'cmake_clean_first': False, 'cmake_force_configure': False, 'cmake_target': None, 'cmake_target_skip_unavailable': False, 'install_base': '/mnt/c/CS560/f24_robotics/install/webots_ros2_homework1_python', 'merge_install': False, 'path': '/mnt/c/CS560/f24_robotics/webots_ros2_homework1_python', 'symlink_install': False, 'test_result_base': None}
[1.810s] INFO:colcon.colcon_core.executor:Executing jobs using 'parallel' executor
[1.812s] DEBUG:colcon.colcon_parallel_executor.executor.parallel:run_until_complete
[1.813s] INFO:colcon.colcon_ros.task.ament_python.build:Building ROS package in '/mnt/c/CS560/f24_robotics/webots_ros2_homework1_python' with build type 'ament_python'
[1.814s] Level 1:colcon.colcon_core.shell:create_environment_hook('webots_ros2_homework1_python', 'ament_prefix_path')
[1.829s] INFO:colcon.colcon_core.plugin_system:Skipping extension 'colcon_core.shell.bat': Not used on non-Windows systems
[1.829s] INFO:colcon.colcon_core.shell:Creating environment hook '/mnt/c/CS560/f24_robotics/install/webots_ros2_homework1_python/share/webots_ros2_homework1_python/hook/ament_prefix_path.ps1'
[1.857s] INFO:colcon.colcon_core.shell:Creating environment descriptor '/mnt/c/CS560/f24_robotics/install/webots_ros2_homework1_python/share/webots_ros2_homework1_python/hook/ament_prefix_path.dsv'
[1.886s] INFO:colcon.colcon_core.shell:Creating environment hook '/mnt/c/CS560/f24_robotics/install/webots_ros2_homework1_python/share/webots_ros2_homework1_python/hook/ament_prefix_path.sh'
[1.921s] INFO:colcon.colcon_core.shell:Skip shell extension 'powershell' for command environment: Not usable outside of PowerShell
[1.922s] DEBUG:colcon.colcon_core.shell:Skip shell extension 'dsv' for command environment
[3.257s] INFO:colcon.colcon_core.task.python.build:Building Python package in '/mnt/c/CS560/f24_robotics/webots_ros2_homework1_python'
[3.258s] INFO:colcon.colcon_core.shell:Skip shell extension 'powershell' for command environment: Not usable outside of PowerShell
[3.258s] DEBUG:colcon.colcon_core.shell:Skip shell extension 'dsv' for command environment
[6.045s] DEBUG:colcon.colcon_core.event_handler.log_command:Invoking command in '/mnt/c/CS560/f24_robotics/webots_ros2_homework1_python': PYTHONPATH=/mnt/c/CS560/f24_robotics/build/webots_ros2_homework1_python/prefix_override:/usr/lib/python3/dist-packages/colcon_core/task/python/colcon_distutils_commands:/mnt/c/CS560/f24_robotics/install/webots_ros2_homework1_python/lib/python3.10/site-packages:${PYTHONPATH} /usr/bin/python3 -W ignore:setup.py install is deprecated setup.py egg_info --egg-base ../build/webots_ros2_homework1_python build --build-base /mnt/c/CS560/f24_robotics/build/webots_ros2_homework1_python/build install --record /mnt/c/CS560/f24_robotics/build/webots_ros2_homework1_python/install.log --single-version-externally-managed install_data
[9.820s] DEBUG:colcon.colcon_core.event_handler.log_command:Invoked command in '/mnt/c/CS560/f24_robotics/webots_ros2_homework1_python' returned '0': PYTHONPATH=/mnt/c/CS560/f24_robotics/build/webots_ros2_homework1_python/prefix_override:/usr/lib/python3/dist-packages/colcon_core/task/python/colcon_distutils_commands:/mnt/c/CS560/f24_robotics/install/webots_ros2_homework1_python/lib/python3.10/site-packages:${PYTHONPATH} /usr/bin/python3 -W ignore:setup.py install is deprecated setup.py egg_info --egg-base ../build/webots_ros2_homework1_python build --build-base /mnt/c/CS560/f24_robotics/build/webots_ros2_homework1_python/build install --record /mnt/c/CS560/f24_robotics/build/webots_ros2_homework1_python/install.log --single-version-externally-managed install_data
[9.837s] Level 1:colcon.colcon_core.environment:checking '/mnt/c/CS560/f24_robotics/install/webots_ros2_homework1_python' for CMake module files
[9.929s] Level 1:colcon.colcon_core.environment:checking '/mnt/c/CS560/f24_robotics/install/webots_ros2_homework1_python' for CMake config files
[10.085s] Level 1:colcon.colcon_core.environment:checking '/mnt/c/CS560/f24_robotics/install/webots_ros2_homework1_python/lib'
[10.090s] Level 1:colcon.colcon_core.environment:checking '/mnt/c/CS560/f24_robotics/install/webots_ros2_homework1_python/bin'
[10.092s] Level 1:colcon.colcon_core.environment:checking '/mnt/c/CS560/f24_robotics/install/webots_ros2_homework1_python/lib/pkgconfig/webots_ros2_homework1_python.pc'
[10.094s] Level 1:colcon.colcon_core.environment:checking '/mnt/c/CS560/f24_robotics/install/webots_ros2_homework1_python/lib/python3.10/site-packages'
[10.098s] Level 1:colcon.colcon_core.shell:create_environment_hook('webots_ros2_homework1_python', 'pythonpath')
[10.099s] INFO:colcon.colcon_core.shell:Creating environment hook '/mnt/c/CS560/f24_robotics/install/webots_ros2_homework1_python/share/webots_ros2_homework1_python/hook/pythonpath.ps1'
[10.124s] INFO:colcon.colcon_core.shell:Creating environment descriptor '/mnt/c/CS560/f24_robotics/install/webots_ros2_homework1_python/share/webots_ros2_homework1_python/hook/pythonpath.dsv'
[10.146s] INFO:colcon.colcon_core.shell:Creating environment hook '/mnt/c/CS560/f24_robotics/install/webots_ros2_homework1_python/share/webots_ros2_homework1_python/hook/pythonpath.sh'
[10.171s] Level 1:colcon.colcon_core.environment:checking '/mnt/c/CS560/f24_robotics/install/webots_ros2_homework1_python/bin'
[10.173s] Level 1:colcon.colcon_core.environment:create_environment_scripts_only(webots_ros2_homework1_python)
[10.174s] INFO:colcon.colcon_core.shell:Creating package script '/mnt/c/CS560/f24_robotics/install/webots_ros2_homework1_python/share/webots_ros2_homework1_python/package.ps1'
[10.194s] INFO:colcon.colcon_core.shell:Creating package descriptor '/mnt/c/CS560/f24_robotics/install/webots_ros2_homework1_python/share/webots_ros2_homework1_python/package.dsv'
[10.218s] INFO:colcon.colcon_core.shell:Creating package script '/mnt/c/CS560/f24_robotics/install/webots_ros2_homework1_python/share/webots_ros2_homework1_python/package.sh'
[10.243s] INFO:colcon.colcon_core.shell:Creating package script '/mnt/c/CS560/f24_robotics/install/webots_ros2_homework1_python/share/webots_ros2_homework1_python/package.bash'
[10.264s] INFO:colcon.colcon_core.shell:Creating package script '/mnt/c/CS560/f24_robotics/install/webots_ros2_homework1_python/share/webots_ros2_homework1_python/package.zsh'
[10.291s] Level 1:colcon.colcon_core.environment:create_file_with_runtime_dependencies(/mnt/c/CS560/f24_robotics/install/webots_ros2_homework1_python/share/colcon-core/packages/webots_ros2_homework1_python)
[10.305s] DEBUG:colcon.colcon_parallel_executor.executor.parallel:closing loop
[10.307s] DEBUG:colcon.colcon_parallel_executor.executor.parallel:loop closed
[10.308s] DEBUG:colcon.colcon_parallel_executor.executor.parallel:run_until_complete finished with '0'
[10.308s] DEBUG:colcon.colcon_core.event_reactor:joining thread
[10.446s] INFO:colcon.colcon_core.plugin_system:Skipping extension 'colcon_notification.desktop_notification.notify_send': Could not find 'notify-send'
[10.447s] INFO:colcon.colcon_core.plugin_system:Skipping extension 'colcon_notification.desktop_notification.terminal_notifier': Not used on non-Darwin systems
[10.447s] INFO:colcon.colcon_core.plugin_system:Skipping extension 'colcon_notification.desktop_notification.win32': Not used on non-Windows systems
[10.448s] INFO:colcon.colcon_notification.desktop_notification:Sending desktop notification using 'notify2'
[10.448s] DEBUG:colcon.colcon_notification.desktop_notification.notify2:Failed to initialize notify2: org.freedesktop.DBus.Error.FileNotFound: Failed to connect to socket /run/user/1000/bus: No such file or directory
[10.449s] DEBUG:colcon.colcon_core.event_reactor:joined thread
[10.449s] INFO:colcon.colcon_core.shell:Creating prefix script '/mnt/c/CS560/f24_robotics/install/local_setup.ps1'
[10.463s] INFO:colcon.colcon_core.shell:Creating prefix util module '/mnt/c/CS560/f24_robotics/install/_local_setup_util_ps1.py'
[10.477s] INFO:colcon.colcon_core.shell:Creating prefix chain script '/mnt/c/CS560/f24_robotics/install/setup.ps1'
[10.503s] INFO:colcon.colcon_core.shell:Creating prefix script '/mnt/c/CS560/f24_robotics/install/local_setup.sh'
[10.513s] INFO:colcon.colcon_core.shell:Creating prefix util module '/mnt/c/CS560/f24_robotics/install/_local_setup_util_sh.py'
[10.525s] INFO:colcon.colcon_core.shell:Creating prefix chain script '/mnt/c/CS560/f24_robotics/install/setup.sh'
[10.549s] INFO:colcon.colcon_core.shell:Creating prefix script '/mnt/c/CS560/f24_robotics/install/local_setup.bash'
[10.562s] INFO:colcon.colcon_core.shell:Creating prefix chain script '/mnt/c/CS560/f24_robotics/install/setup.bash'
[10.589s] INFO:colcon.colcon_core.shell:Creating prefix script '/mnt/c/CS560/f24_robotics/install/local_setup.zsh'
[10.602s] INFO:colcon.colcon_core.shell:Creating prefix chain script '/mnt/c/CS560/f24_robotics/install/setup.zsh'
