[1.205s] Invoking command in '/mnt/c/CS560/f24_robotics/webots_ros2_homework1_python': PYTHONPATH=/mnt/c/CS560/f24_robotics/build/webots_ros2_homework1_python/prefix_override:/usr/lib/python3/dist-packages/colcon_core/task/python/colcon_distutils_commands:/mnt/c/CS560/f24_robotics/install/webots_ros2_homework1_python/lib/python3.10/site-packages:${PYTHONPATH} /usr/bin/python3 -W ignore:setup.py install is deprecated setup.py egg_info --egg-base ../build/webots_ros2_homework1_python build --build-base /mnt/c/CS560/f24_robotics/build/webots_ros2_homework1_python/build install --record /mnt/c/CS560/f24_robotics/build/webots_ros2_homework1_python/install.log --single-version-externally-managed install_data
[1.753s] running egg_info
[1.760s] writing ../build/webots_ros2_homework1_python/webots_ros2_homework1_python.egg-info/PKG-INFO
[1.766s] writing dependency_links to ../build/webots_ros2_homework1_python/webots_ros2_homework1_python.egg-info/dependency_links.txt
[1.773s] writing entry points to ../build/webots_ros2_homework1_python/webots_ros2_homework1_python.egg-info/entry_points.txt
[1.777s] writing requirements to ../build/webots_ros2_homework1_python/webots_ros2_homework1_python.egg-info/requires.txt
[1.781s] writing top-level names to ../build/webots_ros2_homework1_python/webots_ros2_homework1_python.egg-info/top_level.txt
[1.815s] reading manifest file '../build/webots_ros2_homework1_python/webots_ros2_homework1_python.egg-info/SOURCES.txt'
[1.875s] writing manifest file '../build/webots_ros2_homework1_python/webots_ros2_homework1_python.egg-info/SOURCES.txt'
[1.879s] running build
[1.880s] running build_py
[1.915s] copying webots_ros2_homework1_python/webots_ros2_homework1_python.py -> /mnt/c/CS560/f24_robotics/build/webots_ros2_homework1_python/build/lib/webots_ros2_homework1_python
[1.940s] running install
[1.941s] running install_lib
[2.000s] copying /mnt/c/CS560/f24_robotics/build/webots_ros2_homework1_python/build/lib/webots_ros2_homework1_python/webots_ros2_homework1_python.py -> /mnt/c/CS560/f24_robotics/install/webots_ros2_homework1_python/lib/python3.10/site-packages/webots_ros2_homework1_python
[2.061s] byte-compiling /mnt/c/CS560/f24_robotics/install/webots_ros2_homework1_python/lib/python3.10/site-packages/webots_ros2_homework1_python/webots_ros2_homework1_python.py to webots_ros2_homework1_python.cpython-310.pyc
[2.100s] running install_data
[2.150s] running install_egg_info
[2.158s] removing '/mnt/c/CS560/f24_robotics/install/webots_ros2_homework1_python/lib/python3.10/site-packages/webots_ros2_homework1_python-0.0.0-py3.10.egg-info' (and everything under it)
[2.204s] Copying ../build/webots_ros2_homework1_python/webots_ros2_homework1_python.egg-info to /mnt/c/CS560/f24_robotics/install/webots_ros2_homework1_python/lib/python3.10/site-packages/webots_ros2_homework1_python-0.0.0-py3.10.egg-info
[2.391s] running install_scripts
[2.442s] Installing webots_ros2_homework1_python script to /mnt/c/CS560/f24_robotics/install/webots_ros2_homework1_python/lib/webots_ros2_homework1_python
[2.453s] writing list of installed files to '/mnt/c/CS560/f24_robotics/build/webots_ros2_homework1_python/install.log'
[2.479s] Invoked command in '/mnt/c/CS560/f24_robotics/webots_ros2_homework1_python' returned '0': PYTHONPATH=/mnt/c/CS560/f24_robotics/build/webots_ros2_homework1_python/prefix_override:/usr/lib/python3/dist-packages/colcon_core/task/python/colcon_distutils_commands:/mnt/c/CS560/f24_robotics/install/webots_ros2_homework1_python/lib/python3.10/site-packages:${PYTHONPATH} /usr/bin/python3 -W ignore:setup.py install is deprecated setup.py egg_info --egg-base ../build/webots_ros2_homework1_python build --build-base /mnt/c/CS560/f24_robotics/build/webots_ros2_homework1_python/build install --record /mnt/c/CS560/f24_robotics/build/webots_ros2_homework1_python/install.log --single-version-externally-managed install_data
