[0.186s] DEBUG:colcon:Command line arguments: ['/usr/bin/colcon', 'build']
[0.186s] DEBUG:colcon:Parsed command line arguments: Namespace(log_base=None, log_level=None, verb_name='build', build_base='build', install_base='install', merge_install=False, symlink_install=False, test_result_base=None, continue_on_error=False, executor='parallel', parallel_workers=8, event_handlers=None, ignore_user_meta=False, metas=['./colcon.meta'], base_paths=['.'], packages_ignore=None, packages_ignore_regex=None, paths=None, packages_up_to=None, packages_up_to_regex=None, packages_above=None, packages_above_and_dependencies=None, packages_above_depth=None, packages_select_by_dep=None, packages_skip_by_dep=None, packages_skip_up_to=None, packages_select_build_failed=False, packages_skip_build_finished=False, packages_select_test_failures=False, packages_skip_test_passed=False, packages_select=None, packages_skip=None, packages_select_regex=None, packages_skip_regex=None, packages_start=None, packages_end=None, allow_overriding=[], cmake_args=None, cmake_target=None, cmake_target_skip_unavailable=False, cmake_clean_cache=False, cmake_clean_first=False, cmake_force_configure=False, ament_cmake_args=None, catkin_cmake_args=None, catkin_skip_building_tests=False, mixin_files=None, mixin=None, verb_parser=<colcon_mixin.mixin.mixin_argument.MixinArgumentDecorator object at 0x7f4a045ee110>, verb_extension=<colcon_core.verb.build.BuildVerb object at 0x7f4a045edc60>, main=<bound method BuildVerb.main of <colcon_core.verb.build.BuildVerb object at 0x7f4a045edc60>>, mixin_verb=('build',))
[0.312s] Level 1:colcon.colcon_core.package_discovery:discover_packages(colcon_meta) check parameters
[0.313s] Level 1:colcon.colcon_core.package_discovery:discover_packages(recursive) check parameters
[0.313s] Level 1:colcon.colcon_core.package_discovery:discover_packages(ignore) check parameters
[0.313s] Level 1:colcon.colcon_core.package_discovery:discover_packages(path) check parameters
[0.314s] Level 1:colcon.colcon_core.package_discovery:discover_packages(colcon_meta) discover
[0.314s] Level 1:colcon.colcon_core.package_discovery:discover_packages(recursive) discover
[0.314s] INFO:colcon.colcon_core.package_discovery:Crawling recursively for packages in '/mnt/c/CS560/f24_robotics'
[0.316s] Level 1:colcon.colcon_core.package_identification:_identify(.) by extensions ['ignore', 'ignore_ament_install']
[0.317s] Level 1:colcon.colcon_core.package_identification:_identify(.) by extension 'ignore'
[0.317s] Level 1:colcon.colcon_core.package_identification:_identify(.) by extension 'ignore_ament_install'
[0.318s] Level 1:colcon.colcon_core.package_identification:_identify(.) by extensions ['colcon_pkg']
[0.318s] Level 1:colcon.colcon_core.package_identification:_identify(.) by extension 'colcon_pkg'
[0.319s] Level 1:colcon.colcon_core.package_identification:_identify(.) by extensions ['colcon_meta']
[0.319s] Level 1:colcon.colcon_core.package_identification:_identify(.) by extension 'colcon_meta'
[0.319s] Level 1:colcon.colcon_core.package_identification:_identify(.) by extensions ['ros']
[0.320s] Level 1:colcon.colcon_core.package_identification:_identify(.) by extension 'ros'
[0.333s] Level 1:colcon.colcon_core.package_identification:_identify(.) by extensions ['cmake', 'python']
[0.334s] Level 1:colcon.colcon_core.package_identification:_identify(.) by extension 'cmake'
[0.334s] Level 1:colcon.colcon_core.package_identification:_identify(.) by extension 'python'
[0.334s] Level 1:colcon.colcon_core.package_identification:_identify(.) by extensions ['python_setup_py']
[0.335s] Level 1:colcon.colcon_core.package_identification:_identify(.) by extension 'python_setup_py'
[0.337s] Level 1:colcon.colcon_core.package_identification:_identify(Homework1) by extensions ['ignore', 'ignore_ament_install']
[0.337s] Level 1:colcon.colcon_core.package_identification:_identify(Homework1) by extension 'ignore'
[0.338s] Level 1:colcon.colcon_core.package_identification:_identify(Homework1) by extension 'ignore_ament_install'
[0.340s] Level 1:colcon.colcon_core.package_identification:_identify(Homework1) by extensions ['colcon_pkg']
[0.340s] Level 1:colcon.colcon_core.package_identification:_identify(Homework1) by extension 'colcon_pkg'
[0.341s] Level 1:colcon.colcon_core.package_identification:_identify(Homework1) by extensions ['colcon_meta']
[0.341s] Level 1:colcon.colcon_core.package_identification:_identify(Homework1) by extension 'colcon_meta'
[0.342s] Level 1:colcon.colcon_core.package_identification:_identify(Homework1) by extensions ['ros']
[0.342s] Level 1:colcon.colcon_core.package_identification:_identify(Homework1) by extension 'ros'
[0.345s] Level 1:colcon.colcon_core.package_identification:_identify(Homework1) by extensions ['cmake', 'python']
[0.345s] Level 1:colcon.colcon_core.package_identification:_identify(Homework1) by extension 'cmake'
[0.346s] Level 1:colcon.colcon_core.package_identification:_identify(Homework1) by extension 'python'
[0.346s] Level 1:colcon.colcon_core.package_identification:_identify(Homework1) by extensions ['python_setup_py']
[0.346s] Level 1:colcon.colcon_core.package_identification:_identify(Homework1) by extension 'python_setup_py'
[0.349s] Level 1:colcon.colcon_core.package_identification:_identify(Resources) by extensions ['ignore', 'ignore_ament_install']
[0.349s] Level 1:colcon.colcon_core.package_identification:_identify(Resources) by extension 'ignore'
[0.350s] Level 1:colcon.colcon_core.package_identification:_identify(Resources) by extension 'ignore_ament_install'
[0.351s] Level 1:colcon.colcon_core.package_identification:_identify(Resources) by extensions ['colcon_pkg']
[0.351s] Level 1:colcon.colcon_core.package_identification:_identify(Resources) by extension 'colcon_pkg'
[0.351s] Level 1:colcon.colcon_core.package_identification:_identify(Resources) by extensions ['colcon_meta']
[0.351s] Level 1:colcon.colcon_core.package_identification:_identify(Resources) by extension 'colcon_meta'
[0.352s] Level 1:colcon.colcon_core.package_identification:_identify(Resources) by extensions ['ros']
[0.352s] Level 1:colcon.colcon_core.package_identification:_identify(Resources) by extension 'ros'
[0.355s] Level 1:colcon.colcon_core.package_identification:_identify(Resources) by extensions ['cmake', 'python']
[0.355s] Level 1:colcon.colcon_core.package_identification:_identify(Resources) by extension 'cmake'
[0.356s] Level 1:colcon.colcon_core.package_identification:_identify(Resources) by extension 'python'
[0.356s] Level 1:colcon.colcon_core.package_identification:_identify(Resources) by extensions ['python_setup_py']
[0.356s] Level 1:colcon.colcon_core.package_identification:_identify(Resources) by extension 'python_setup_py'
[0.359s] Level 1:colcon.colcon_core.package_identification:_identify(build) by extensions ['ignore', 'ignore_ament_install']
[0.359s] Level 1:colcon.colcon_core.package_identification:_identify(build) by extension 'ignore'
[0.360s] Level 1:colcon.colcon_core.package_identification:_identify(build) ignored
[0.363s] Level 1:colcon.colcon_core.package_identification:_identify(install) by extensions ['ignore', 'ignore_ament_install']
[0.363s] Level 1:colcon.colcon_core.package_identification:_identify(install) by extension 'ignore'
[0.364s] Level 1:colcon.colcon_core.package_identification:_identify(install) ignored
[0.367s] Level 1:colcon.colcon_core.package_identification:_identify(log) by extensions ['ignore', 'ignore_ament_install']
[0.367s] Level 1:colcon.colcon_core.package_identification:_identify(log) by extension 'ignore'
[0.368s] Level 1:colcon.colcon_core.package_identification:_identify(log) ignored
[0.370s] Level 1:colcon.colcon_core.package_identification:_identify(webots_ros2_homework1_python) by extensions ['ignore', 'ignore_ament_install']
[0.374s] Level 1:colcon.colcon_core.package_identification:_identify(webots_ros2_homework1_python) by extension 'ignore'
[0.375s] Level 1:colcon.colcon_core.package_identification:_identify(webots_ros2_homework1_python) by extension 'ignore_ament_install'
[0.376s] Level 1:colcon.colcon_core.package_identification:_identify(webots_ros2_homework1_python) by extensions ['colcon_pkg']
[0.376s] Level 1:colcon.colcon_core.package_identification:_identify(webots_ros2_homework1_python) by extension 'colcon_pkg'
[0.377s] Level 1:colcon.colcon_core.package_identification:_identify(webots_ros2_homework1_python) by extensions ['colcon_meta']
[0.378s] Level 1:colcon.colcon_core.package_identification:_identify(webots_ros2_homework1_python) by extension 'colcon_meta'
[0.378s] Level 1:colcon.colcon_core.package_identification:_identify(webots_ros2_homework1_python) by extensions ['ros']
[0.378s] Level 1:colcon.colcon_core.package_identification:_identify(webots_ros2_homework1_python) by extension 'ros'
[0.387s] DEBUG:colcon.colcon_core.package_identification:Package 'webots_ros2_homework1_python' with type 'ros.ament_python' and name 'webots_ros2_homework1_python'
[0.388s] Level 1:colcon.colcon_core.package_discovery:discover_packages(recursive) using defaults
[0.388s] Level 1:colcon.colcon_core.package_discovery:discover_packages(ignore) discover
[0.388s] Level 1:colcon.colcon_core.package_discovery:discover_packages(ignore) using defaults
[0.388s] Level 1:colcon.colcon_core.package_discovery:discover_packages(path) discover
[0.388s] Level 1:colcon.colcon_core.package_discovery:discover_packages(path) using defaults
[0.407s] Level 1:colcon.colcon_core.package_discovery:discover_packages(prefix_path) check parameters
[0.407s] Level 1:colcon.colcon_core.package_discovery:discover_packages(prefix_path) discover
[0.409s] DEBUG:colcon.colcon_installed_package_information.package_discovery:Found 301 installed packages in /opt/ros/humble
[0.410s] Level 1:colcon.colcon_core.package_discovery:discover_packages(prefix_path) using defaults
[0.452s] Level 5:colcon.colcon_core.verb:set package 'webots_ros2_homework1_python' build argument 'cmake_args' from command line to 'None'
[0.452s] Level 5:colcon.colcon_core.verb:set package 'webots_ros2_homework1_python' build argument 'cmake_target' from command line to 'None'
[0.453s] Level 5:colcon.colcon_core.verb:set package 'webots_ros2_homework1_python' build argument 'cmake_target_skip_unavailable' from command line to 'False'
[0.453s] Level 5:colcon.colcon_core.verb:set package 'webots_ros2_homework1_python' build argument 'cmake_clean_cache' from command line to 'False'
[0.453s] Level 5:colcon.colcon_core.verb:set package 'webots_ros2_homework1_python' build argument 'cmake_clean_first' from command line to 'False'
[0.454s] Level 5:colcon.colcon_core.verb:set package 'webots_ros2_homework1_python' build argument 'cmake_force_configure' from command line to 'False'
[0.454s] Level 5:colcon.colcon_core.verb:set package 'webots_ros2_homework1_python' build argument 'ament_cmake_args' from command line to 'None'
[0.454s] Level 5:colcon.colcon_core.verb:set package 'webots_ros2_homework1_python' build argument 'catkin_cmake_args' from command line to 'None'
[0.454s] Level 5:colcon.colcon_core.verb:set package 'webots_ros2_homework1_python' build argument 'catkin_skip_building_tests' from command line to 'False'
[0.455s] DEBUG:colcon.colcon_core.verb:Building package 'webots_ros2_homework1_python' with the following arguments: {'ament_cmake_args': None, 'build_base': '/mnt/c/CS560/f24_robotics/build/webots_ros2_homework1_python', 'catkin_cmake_args': None, 'catkin_skip_building_tests': False, 'cmake_args': None, 'cmake_clean_cache': False, 'cmake_clean_first': False, 'cmake_force_configure': False, 'cmake_target': None, 'cmake_target_skip_unavailable': False, 'install_base': '/mnt/c/CS560/f24_robotics/install/webots_ros2_homework1_python', 'merge_install': False, 'path': '/mnt/c/CS560/f24_robotics/webots_ros2_homework1_python', 'symlink_install': False, 'test_result_base': None}
[0.455s] INFO:colcon.colcon_core.executor:Executing jobs using 'parallel' executor
[0.456s] DEBUG:colcon.colcon_parallel_executor.executor.parallel:run_until_complete
[0.457s] INFO:colcon.colcon_ros.task.ament_python.build:Building ROS package in '/mnt/c/CS560/f24_robotics/webots_ros2_homework1_python' with build type 'ament_python'
[0.457s] Level 1:colcon.colcon_core.shell:create_environment_hook('webots_ros2_homework1_python', 'ament_prefix_path')
[0.460s] INFO:colcon.colcon_core.plugin_system:Skipping extension 'colcon_core.shell.bat': Not used on non-Windows systems
[0.460s] INFO:colcon.colcon_core.shell:Creating environment hook '/mnt/c/CS560/f24_robotics/install/webots_ros2_homework1_python/share/webots_ros2_homework1_python/hook/ament_prefix_path.ps1'
[0.474s] INFO:colcon.colcon_core.shell:Creating environment descriptor '/mnt/c/CS560/f24_robotics/install/webots_ros2_homework1_python/share/webots_ros2_homework1_python/hook/ament_prefix_path.dsv'
[0.484s] INFO:colcon.colcon_core.shell:Creating environment hook '/mnt/c/CS560/f24_robotics/install/webots_ros2_homework1_python/share/webots_ros2_homework1_python/hook/ament_prefix_path.sh'
[0.496s] INFO:colcon.colcon_core.shell:Skip shell extension 'powershell' for command environment: Not usable outside of PowerShell
[0.497s] DEBUG:colcon.colcon_core.shell:Skip shell extension 'dsv' for command environment
[0.750s] INFO:colcon.colcon_core.task.python.build:Building Python package in '/mnt/c/CS560/f24_robotics/webots_ros2_homework1_python'
[0.751s] INFO:colcon.colcon_core.shell:Skip shell extension 'powershell' for command environment: Not usable outside of PowerShell
[0.751s] DEBUG:colcon.colcon_core.shell:Skip shell extension 'dsv' for command environment
[1.616s] DEBUG:colcon.colcon_core.event_handler.log_command:Invoking command in '/mnt/c/CS560/f24_robotics/webots_ros2_homework1_python': PYTHONPATH=/mnt/c/CS560/f24_robotics/build/webots_ros2_homework1_python/prefix_override:/usr/lib/python3/dist-packages/colcon_core/task/python/colcon_distutils_commands:/mnt/c/CS560/f24_robotics/install/webots_ros2_homework1_python/lib/python3.10/site-packages:${PYTHONPATH} /usr/bin/python3 -W ignore:setup.py install is deprecated setup.py egg_info --egg-base ../build/webots_ros2_homework1_python build --build-base /mnt/c/CS560/f24_robotics/build/webots_ros2_homework1_python/build install --record /mnt/c/CS560/f24_robotics/build/webots_ros2_homework1_python/install.log --single-version-externally-managed install_data
[3.015s] Level 1:colcon.colcon_core.environment:checking '/mnt/c/CS560/f24_robotics/install/webots_ros2_homework1_python' for CMake module files
[3.019s] DEBUG:colcon.colcon_core.event_handler.log_command:Invoked command in '/mnt/c/CS560/f24_robotics/webots_ros2_homework1_python' returned '0': PYTHONPATH=/mnt/c/CS560/f24_robotics/build/webots_ros2_homework1_python/prefix_override:/usr/lib/python3/dist-packages/colcon_core/task/python/colcon_distutils_commands:/mnt/c/CS560/f24_robotics/install/webots_ros2_homework1_python/lib/python3.10/site-packages:${PYTHONPATH} /usr/bin/python3 -W ignore:setup.py install is deprecated setup.py egg_info --egg-base ../build/webots_ros2_homework1_python build --build-base /mnt/c/CS560/f24_robotics/build/webots_ros2_homework1_python/build install --record /mnt/c/CS560/f24_robotics/build/webots_ros2_homework1_python/install.log --single-version-externally-managed install_data
[3.065s] Level 1:colcon.colcon_core.environment:checking '/mnt/c/CS560/f24_robotics/install/webots_ros2_homework1_python' for CMake config files
[3.150s] Level 1:colcon.colcon_core.environment:checking '/mnt/c/CS560/f24_robotics/install/webots_ros2_homework1_python/lib'
[3.153s] Level 1:colcon.colcon_core.environment:checking '/mnt/c/CS560/f24_robotics/install/webots_ros2_homework1_python/bin'
[3.154s] Level 1:colcon.colcon_core.environment:checking '/mnt/c/CS560/f24_robotics/install/webots_ros2_homework1_python/lib/pkgconfig/webots_ros2_homework1_python.pc'
[3.156s] Level 1:colcon.colcon_core.environment:checking '/mnt/c/CS560/f24_robotics/install/webots_ros2_homework1_python/lib/python3.10/site-packages'
[3.157s] Level 1:colcon.colcon_core.shell:create_environment_hook('webots_ros2_homework1_python', 'pythonpath')
[3.158s] INFO:colcon.colcon_core.shell:Creating environment hook '/mnt/c/CS560/f24_robotics/install/webots_ros2_homework1_python/share/webots_ros2_homework1_python/hook/pythonpath.ps1'
[3.170s] INFO:colcon.colcon_core.shell:Creating environment descriptor '/mnt/c/CS560/f24_robotics/install/webots_ros2_homework1_python/share/webots_ros2_homework1_python/hook/pythonpath.dsv'
[3.181s] INFO:colcon.colcon_core.shell:Creating environment hook '/mnt/c/CS560/f24_robotics/install/webots_ros2_homework1_python/share/webots_ros2_homework1_python/hook/pythonpath.sh'
[3.193s] Level 1:colcon.colcon_core.environment:checking '/mnt/c/CS560/f24_robotics/install/webots_ros2_homework1_python/bin'
[3.194s] Level 1:colcon.colcon_core.environment:create_environment_scripts_only(webots_ros2_homework1_python)
[3.195s] INFO:colcon.colcon_core.shell:Creating package script '/mnt/c/CS560/f24_robotics/install/webots_ros2_homework1_python/share/webots_ros2_homework1_python/package.ps1'
[3.204s] INFO:colcon.colcon_core.shell:Creating package descriptor '/mnt/c/CS560/f24_robotics/install/webots_ros2_homework1_python/share/webots_ros2_homework1_python/package.dsv'
[3.219s] INFO:colcon.colcon_core.shell:Creating package script '/mnt/c/CS560/f24_robotics/install/webots_ros2_homework1_python/share/webots_ros2_homework1_python/package.sh'
[3.233s] INFO:colcon.colcon_core.shell:Creating package script '/mnt/c/CS560/f24_robotics/install/webots_ros2_homework1_python/share/webots_ros2_homework1_python/package.bash'
[3.244s] INFO:colcon.colcon_core.shell:Creating package script '/mnt/c/CS560/f24_robotics/install/webots_ros2_homework1_python/share/webots_ros2_homework1_python/package.zsh'
[3.255s] Level 1:colcon.colcon_core.environment:create_file_with_runtime_dependencies(/mnt/c/CS560/f24_robotics/install/webots_ros2_homework1_python/share/colcon-core/packages/webots_ros2_homework1_python)
[3.264s] DEBUG:colcon.colcon_parallel_executor.executor.parallel:closing loop
[3.264s] DEBUG:colcon.colcon_parallel_executor.executor.parallel:loop closed
[3.264s] DEBUG:colcon.colcon_parallel_executor.executor.parallel:run_until_complete finished with '0'
[3.265s] DEBUG:colcon.colcon_core.event_reactor:joining thread
[3.325s] INFO:colcon.colcon_core.plugin_system:Skipping extension 'colcon_notification.desktop_notification.notify_send': Could not find 'notify-send'
[3.326s] INFO:colcon.colcon_core.plugin_system:Skipping extension 'colcon_notification.desktop_notification.terminal_notifier': Not used on non-Darwin systems
[3.326s] INFO:colcon.colcon_core.plugin_system:Skipping extension 'colcon_notification.desktop_notification.win32': Not used on non-Windows systems
[3.326s] INFO:colcon.colcon_notification.desktop_notification:Sending desktop notification using 'notify2'
[3.327s] DEBUG:colcon.colcon_notification.desktop_notification.notify2:Failed to initialize notify2: org.freedesktop.DBus.Error.FileNotFound: Failed to connect to socket /run/user/1000/bus: No such file or directory
[3.327s] DEBUG:colcon.colcon_core.event_reactor:joined thread
[3.327s] INFO:colcon.colcon_core.shell:Creating prefix script '/mnt/c/CS560/f24_robotics/install/local_setup.ps1'
[3.334s] INFO:colcon.colcon_core.shell:Creating prefix util module '/mnt/c/CS560/f24_robotics/install/_local_setup_util_ps1.py'
[3.339s] INFO:colcon.colcon_core.shell:Creating prefix chain script '/mnt/c/CS560/f24_robotics/install/setup.ps1'
[3.343s] INFO:colcon.colcon_core.shell:Creating prefix script '/mnt/c/CS560/f24_robotics/install/local_setup.sh'
[3.348s] INFO:colcon.colcon_core.shell:Creating prefix util module '/mnt/c/CS560/f24_robotics/install/_local_setup_util_sh.py'
[3.353s] INFO:colcon.colcon_core.shell:Creating prefix chain script '/mnt/c/CS560/f24_robotics/install/setup.sh'
[3.358s] INFO:colcon.colcon_core.shell:Creating prefix script '/mnt/c/CS560/f24_robotics/install/local_setup.bash'
[3.362s] INFO:colcon.colcon_core.shell:Creating prefix chain script '/mnt/c/CS560/f24_robotics/install/setup.bash'
[3.367s] INFO:colcon.colcon_core.shell:Creating prefix script '/mnt/c/CS560/f24_robotics/install/local_setup.zsh'
[3.373s] INFO:colcon.colcon_core.shell:Creating prefix chain script '/mnt/c/CS560/f24_robotics/install/setup.zsh'
