running egg_info
writing ../build/zackmichaels_proj_1/zackmichaels_proj_1.egg-info/PKG-INFO
writing dependency_links to ../build/zackmichaels_proj_1/zackmichaels_proj_1.egg-info/dependency_links.txt
writing entry points to ../build/zackmichaels_proj_1/zackmichaels_proj_1.egg-info/entry_points.txt
writing requirements to ../build/zackmichaels_proj_1/zackmichaels_proj_1.egg-info/requires.txt
writing top-level names to ../build/zackmichaels_proj_1/zackmichaels_proj_1.egg-info/top_level.txt
reading manifest file '../build/zackmichaels_proj_1/zackmichaels_proj_1.egg-info/SOURCES.txt'
writing manifest file '../build/zackmichaels_proj_1/zackmichaels_proj_1.egg-info/SOURCES.txt'
running build
running build_py
running install
running install_lib
running install_data
copying launch/zackmichaels_proj_1_launch.py -> /mnt/c/CS560/zackmichaels_proj_1/install/zackmichaels_proj_1/share/zackmichaels_proj_1/launch
creating /mnt/c/CS560/zackmichaels_proj_1/install/zackmichaels_proj_1/share/zackmichaels_proj_1/worlds
copying worlds/ten_Hoor_Hall.wbt -> /mnt/c/CS560/zackmichaels_proj_1/install/zackmichaels_proj_1/share/zackmichaels_proj_1/worlds
copying package.xml -> /mnt/c/CS560/zackmichaels_proj_1/install/zackmichaels_proj_1/share/zackmichaels_proj_1
creating /mnt/c/CS560/zackmichaels_proj_1/install/zackmichaels_proj_1/share/zackmichaels_proj_1/resource
copying resource/turtlebot_webots.urdf -> /mnt/c/CS560/zackmichaels_proj_1/install/zackmichaels_proj_1/share/zackmichaels_proj_1/resource
copying resource/ros2control.yml -> /mnt/c/CS560/zackmichaels_proj_1/install/zackmichaels_proj_1/share/zackmichaels_proj_1/resource
running install_egg_info
Copying ../build/zackmichaels_proj_1/zackmichaels_proj_1.egg-info to /mnt/c/CS560/zackmichaels_proj_1/install/zackmichaels_proj_1/lib/python3.10/site-packages/zackmichaels_proj_1-0.0.0-py3.10.egg-info
running install_scripts
Installing zackmichaels_proj_1 script to /mnt/c/CS560/zackmichaels_proj_1/install/zackmichaels_proj_1/lib/zackmichaels_proj_1
writing list of installed files to '/mnt/c/CS560/zackmichaels_proj_1/build/zackmichaels_proj_1/install.log'
