[0.582s] DEBUG:colcon:Command line arguments: ['/usr/bin/colcon', 'build']
[0.582s] DEBUG:colcon:Parsed command line arguments: Namespace(log_base=None, log_level=None, verb_name='build', build_base='build', install_base='install', merge_install=False, symlink_install=False, test_result_base=None, continue_on_error=False, executor='parallel', parallel_workers=8, event_handlers=None, ignore_user_meta=False, metas=['./colcon.meta'], base_paths=['.'], packages_ignore=None, packages_ignore_regex=None, paths=None, packages_up_to=None, packages_up_to_regex=None, packages_above=None, packages_above_and_dependencies=None, packages_above_depth=None, packages_select_by_dep=None, packages_skip_by_dep=None, packages_skip_up_to=None, packages_select_build_failed=False, packages_skip_build_finished=False, packages_select_test_failures=False, packages_skip_test_passed=False, packages_select=None, packages_skip=None, packages_select_regex=None, packages_skip_regex=None, packages_start=None, packages_end=None, allow_overriding=[], cmake_args=None, cmake_target=None, cmake_target_skip_unavailable=False, cmake_clean_cache=False, cmake_clean_first=False, cmake_force_configure=False, ament_cmake_args=None, catkin_cmake_args=None, catkin_skip_building_tests=False, mixin_files=None, mixin=None, verb_parser=<colcon_mixin.mixin.mixin_argument.MixinArgumentDecorator object at 0x7fdc49fcdea0>, verb_extension=<colcon_core.verb.build.BuildVerb object at 0x7fdc49fcd9f0>, main=<bound method BuildVerb.main of <colcon_core.verb.build.BuildVerb object at 0x7fdc49fcd9f0>>, mixin_verb=('build',))
[0.952s] Level 1:colcon.colcon_core.package_discovery:discover_packages(colcon_meta) check parameters
[0.953s] Level 1:colcon.colcon_core.package_discovery:discover_packages(recursive) check parameters
[0.953s] Level 1:colcon.colcon_core.package_discovery:discover_packages(ignore) check parameters
[0.954s] Level 1:colcon.colcon_core.package_discovery:discover_packages(path) check parameters
[0.954s] Level 1:colcon.colcon_core.package_discovery:discover_packages(colcon_meta) discover
[0.954s] Level 1:colcon.colcon_core.package_discovery:discover_packages(recursive) discover
[0.954s] INFO:colcon.colcon_core.package_discovery:Crawling recursively for packages in '/mnt/c/CS560/f24_robotics'
[0.956s] Level 1:colcon.colcon_core.package_identification:_identify(.) by extensions ['ignore', 'ignore_ament_install']
[0.957s] Level 1:colcon.colcon_core.package_identification:_identify(.) by extension 'ignore'
[0.957s] Level 1:colcon.colcon_core.package_identification:_identify(.) by extension 'ignore_ament_install'
[0.958s] Level 1:colcon.colcon_core.package_identification:_identify(.) by extensions ['colcon_pkg']
[0.958s] Level 1:colcon.colcon_core.package_identification:_identify(.) by extension 'colcon_pkg'
[0.959s] Level 1:colcon.colcon_core.package_identification:_identify(.) by extensions ['colcon_meta']
[0.959s] Level 1:colcon.colcon_core.package_identification:_identify(.) by extension 'colcon_meta'
[0.960s] Level 1:colcon.colcon_core.package_identification:_identify(.) by extensions ['ros']
[0.960s] Level 1:colcon.colcon_core.package_identification:_identify(.) by extension 'ros'
[0.985s] Level 1:colcon.colcon_core.package_identification:_identify(.) by extensions ['cmake', 'python']
[0.986s] Level 1:colcon.colcon_core.package_identification:_identify(.) by extension 'cmake'
[0.986s] Level 1:colcon.colcon_core.package_identification:_identify(.) by extension 'python'
[0.987s] Level 1:colcon.colcon_core.package_identification:_identify(.) by extensions ['python_setup_py']
[0.987s] Level 1:colcon.colcon_core.package_identification:_identify(.) by extension 'python_setup_py'
[0.991s] Level 1:colcon.colcon_core.package_identification:_identify(Homework1) by extensions ['ignore', 'ignore_ament_install']
[0.991s] Level 1:colcon.colcon_core.package_identification:_identify(Homework1) by extension 'ignore'
[0.993s] Level 1:colcon.colcon_core.package_identification:_identify(Homework1) by extension 'ignore_ament_install'
[0.995s] Level 1:colcon.colcon_core.package_identification:_identify(Homework1) by extensions ['colcon_pkg']
[0.995s] Level 1:colcon.colcon_core.package_identification:_identify(Homework1) by extension 'colcon_pkg'
[0.997s] Level 1:colcon.colcon_core.package_identification:_identify(Homework1) by extensions ['colcon_meta']
[0.998s] Level 1:colcon.colcon_core.package_identification:_identify(Homework1) by extension 'colcon_meta'
[0.999s] Level 1:colcon.colcon_core.package_identification:_identify(Homework1) by extensions ['ros']
[1.000s] Level 1:colcon.colcon_core.package_identification:_identify(Homework1) by extension 'ros'
[1.004s] Level 1:colcon.colcon_core.package_identification:_identify(Homework1) by extensions ['cmake', 'python']
[1.004s] Level 1:colcon.colcon_core.package_identification:_identify(Homework1) by extension 'cmake'
[1.005s] Level 1:colcon.colcon_core.package_identification:_identify(Homework1) by extension 'python'
[1.007s] Level 1:colcon.colcon_core.package_identification:_identify(Homework1) by extensions ['python_setup_py']
[1.007s] Level 1:colcon.colcon_core.package_identification:_identify(Homework1) by extension 'python_setup_py'
[1.011s] Level 1:colcon.colcon_core.package_identification:_identify(Resources) by extensions ['ignore', 'ignore_ament_install']
[1.011s] Level 1:colcon.colcon_core.package_identification:_identify(Resources) by extension 'ignore'
[1.012s] Level 1:colcon.colcon_core.package_identification:_identify(Resources) by extension 'ignore_ament_install'
[1.014s] Level 1:colcon.colcon_core.package_identification:_identify(Resources) by extensions ['colcon_pkg']
[1.014s] Level 1:colcon.colcon_core.package_identification:_identify(Resources) by extension 'colcon_pkg'
[1.015s] Level 1:colcon.colcon_core.package_identification:_identify(Resources) by extensions ['colcon_meta']
[1.015s] Level 1:colcon.colcon_core.package_identification:_identify(Resources) by extension 'colcon_meta'
[1.017s] Level 1:colcon.colcon_core.package_identification:_identify(Resources) by extensions ['ros']
[1.017s] Level 1:colcon.colcon_core.package_identification:_identify(Resources) by extension 'ros'
[1.021s] Level 1:colcon.colcon_core.package_identification:_identify(Resources) by extensions ['cmake', 'python']
[1.022s] Level 1:colcon.colcon_core.package_identification:_identify(Resources) by extension 'cmake'
[1.023s] Level 1:colcon.colcon_core.package_identification:_identify(Resources) by extension 'python'
[1.024s] Level 1:colcon.colcon_core.package_identification:_identify(Resources) by extensions ['python_setup_py']
[1.024s] Level 1:colcon.colcon_core.package_identification:_identify(Resources) by extension 'python_setup_py'
[1.030s] Level 1:colcon.colcon_core.package_identification:_identify(build) by extensions ['ignore', 'ignore_ament_install']
[1.031s] Level 1:colcon.colcon_core.package_identification:_identify(build) by extension 'ignore'
[1.033s] Level 1:colcon.colcon_core.package_identification:_identify(build) ignored
[1.036s] Level 1:colcon.colcon_core.package_identification:_identify(install) by extensions ['ignore', 'ignore_ament_install']
[1.036s] Level 1:colcon.colcon_core.package_identification:_identify(install) by extension 'ignore'
[1.039s] Level 1:colcon.colcon_core.package_identification:_identify(install) ignored
[1.044s] Level 1:colcon.colcon_core.package_identification:_identify(log) by extensions ['ignore', 'ignore_ament_install']
[1.045s] Level 1:colcon.colcon_core.package_identification:_identify(log) by extension 'ignore'
[1.046s] Level 1:colcon.colcon_core.package_identification:_identify(log) ignored
[1.049s] Level 1:colcon.colcon_core.package_identification:_identify(webots_ros2_homework1_python) by extensions ['ignore', 'ignore_ament_install']
[1.049s] Level 1:colcon.colcon_core.package_identification:_identify(webots_ros2_homework1_python) by extension 'ignore'
[1.050s] Level 1:colcon.colcon_core.package_identification:_identify(webots_ros2_homework1_python) by extension 'ignore_ament_install'
[1.052s] Level 1:colcon.colcon_core.package_identification:_identify(webots_ros2_homework1_python) by extensions ['colcon_pkg']
[1.052s] Level 1:colcon.colcon_core.package_identification:_identify(webots_ros2_homework1_python) by extension 'colcon_pkg'
[1.053s] Level 1:colcon.colcon_core.package_identification:_identify(webots_ros2_homework1_python) by extensions ['colcon_meta']
[1.054s] Level 1:colcon.colcon_core.package_identification:_identify(webots_ros2_homework1_python) by extension 'colcon_meta'
[1.055s] Level 1:colcon.colcon_core.package_identification:_identify(webots_ros2_homework1_python) by extensions ['ros']
[1.055s] Level 1:colcon.colcon_core.package_identification:_identify(webots_ros2_homework1_python) by extension 'ros'
[1.072s] DEBUG:colcon.colcon_core.package_identification:Package 'webots_ros2_homework1_python' with type 'ros.ament_python' and name 'webots_ros2_homework1_python'
[1.073s] Level 1:colcon.colcon_core.package_discovery:discover_packages(recursive) using defaults
[1.073s] Level 1:colcon.colcon_core.package_discovery:discover_packages(ignore) discover
[1.073s] Level 1:colcon.colcon_core.package_discovery:discover_packages(ignore) using defaults
[1.074s] Level 1:colcon.colcon_core.package_discovery:discover_packages(path) discover
[1.074s] Level 1:colcon.colcon_core.package_discovery:discover_packages(path) using defaults
[1.158s] Level 1:colcon.colcon_core.package_discovery:discover_packages(prefix_path) check parameters
[1.158s] Level 1:colcon.colcon_core.package_discovery:discover_packages(prefix_path) discover
[1.213s] DEBUG:colcon.colcon_installed_package_information.package_discovery:Found 1 installed packages in /mnt/c/CS560/f24_robotics/install
[1.215s] DEBUG:colcon.colcon_installed_package_information.package_discovery:Found 301 installed packages in /opt/ros/humble
[1.218s] Level 1:colcon.colcon_core.package_discovery:discover_packages(prefix_path) using defaults
[1.306s] Level 5:colcon.colcon_core.verb:set package 'webots_ros2_homework1_python' build argument 'cmake_args' from command line to 'None'
[1.307s] Level 5:colcon.colcon_core.verb:set package 'webots_ros2_homework1_python' build argument 'cmake_target' from command line to 'None'
[1.307s] Level 5:colcon.colcon_core.verb:set package 'webots_ros2_homework1_python' build argument 'cmake_target_skip_unavailable' from command line to 'False'
[1.307s] Level 5:colcon.colcon_core.verb:set package 'webots_ros2_homework1_python' build argument 'cmake_clean_cache' from command line to 'False'
[1.308s] Level 5:colcon.colcon_core.verb:set package 'webots_ros2_homework1_python' build argument 'cmake_clean_first' from command line to 'False'
[1.308s] Level 5:colcon.colcon_core.verb:set package 'webots_ros2_homework1_python' build argument 'cmake_force_configure' from command line to 'False'
[1.308s] Level 5:colcon.colcon_core.verb:set package 'webots_ros2_homework1_python' build argument 'ament_cmake_args' from command line to 'None'
[1.308s] Level 5:colcon.colcon_core.verb:set package 'webots_ros2_homework1_python' build argument 'catkin_cmake_args' from command line to 'None'
[1.309s] Level 5:colcon.colcon_core.verb:set package 'webots_ros2_homework1_python' build argument 'catkin_skip_building_tests' from command line to 'False'
[1.309s] DEBUG:colcon.colcon_core.verb:Building package 'webots_ros2_homework1_python' with the following arguments: {'ament_cmake_args': None, 'build_base': '/mnt/c/CS560/f24_robotics/build/webots_ros2_homework1_python', 'catkin_cmake_args': None, 'catkin_skip_building_tests': False, 'cmake_args': None, 'cmake_clean_cache': False, 'cmake_clean_first': False, 'cmake_force_configure': False, 'cmake_target': None, 'cmake_target_skip_unavailable': False, 'install_base': '/mnt/c/CS560/f24_robotics/install/webots_ros2_homework1_python', 'merge_install': False, 'path': '/mnt/c/CS560/f24_robotics/webots_ros2_homework1_python', 'symlink_install': False, 'test_result_base': None}
[1.309s] INFO:colcon.colcon_core.executor:Executing jobs using 'parallel' executor
[1.311s] DEBUG:colcon.colcon_parallel_executor.executor.parallel:run_until_complete
[1.312s] INFO:colcon.colcon_ros.task.ament_python.build:Building ROS package in '/mnt/c/CS560/f24_robotics/webots_ros2_homework1_python' with build type 'ament_python'
[1.313s] Level 1:colcon.colcon_core.shell:create_environment_hook('webots_ros2_homework1_python', 'ament_prefix_path')
[1.327s] INFO:colcon.colcon_core.plugin_system:Skipping extension 'colcon_core.shell.bat': Not used on non-Windows systems
[1.327s] INFO:colcon.colcon_core.shell:Creating environment hook '/mnt/c/CS560/f24_robotics/install/webots_ros2_homework1_python/share/webots_ros2_homework1_python/hook/ament_prefix_path.ps1'
[1.350s] INFO:colcon.colcon_core.shell:Creating environment descriptor '/mnt/c/CS560/f24_robotics/install/webots_ros2_homework1_python/share/webots_ros2_homework1_python/hook/ament_prefix_path.dsv'
[1.371s] INFO:colcon.colcon_core.shell:Creating environment hook '/mnt/c/CS560/f24_robotics/install/webots_ros2_homework1_python/share/webots_ros2_homework1_python/hook/ament_prefix_path.sh'
[1.393s] INFO:colcon.colcon_core.shell:Skip shell extension 'powershell' for command environment: Not usable outside of PowerShell
[1.394s] DEBUG:colcon.colcon_core.shell:Skip shell extension 'dsv' for command environment
[2.410s] INFO:colcon.colcon_core.task.python.build:Building Python package in '/mnt/c/CS560/f24_robotics/webots_ros2_homework1_python'
[2.411s] INFO:colcon.colcon_core.shell:Skip shell extension 'powershell' for command environment: Not usable outside of PowerShell
[2.411s] DEBUG:colcon.colcon_core.shell:Skip shell extension 'dsv' for command environment
[4.208s] DEBUG:colcon.colcon_core.event_handler.log_command:Invoking command in '/mnt/c/CS560/f24_robotics/webots_ros2_homework1_python': PYTHONPATH=/mnt/c/CS560/f24_robotics/build/webots_ros2_homework1_python/prefix_override:/usr/lib/python3/dist-packages/colcon_core/task/python/colcon_distutils_commands:/mnt/c/CS560/f24_robotics/install/webots_ros2_homework1_python/lib/python3.10/site-packages:${PYTHONPATH} /usr/bin/python3 -W ignore:setup.py install is deprecated setup.py egg_info --egg-base ../build/webots_ros2_homework1_python build --build-base /mnt/c/CS560/f24_robotics/build/webots_ros2_homework1_python/build install --record /mnt/c/CS560/f24_robotics/build/webots_ros2_homework1_python/install.log --single-version-externally-managed install_data
[6.766s] DEBUG:colcon.colcon_core.event_handler.log_command:Invoked command in '/mnt/c/CS560/f24_robotics/webots_ros2_homework1_python' returned '0': PYTHONPATH=/mnt/c/CS560/f24_robotics/build/webots_ros2_homework1_python/prefix_override:/usr/lib/python3/dist-packages/colcon_core/task/python/colcon_distutils_commands:/mnt/c/CS560/f24_robotics/install/webots_ros2_homework1_python/lib/python3.10/site-packages:${PYTHONPATH} /usr/bin/python3 -W ignore:setup.py install is deprecated setup.py egg_info --egg-base ../build/webots_ros2_homework1_python build --build-base /mnt/c/CS560/f24_robotics/build/webots_ros2_homework1_python/build install --record /mnt/c/CS560/f24_robotics/build/webots_ros2_homework1_python/install.log --single-version-externally-managed install_data
[6.778s] Level 1:colcon.colcon_core.environment:checking '/mnt/c/CS560/f24_robotics/install/webots_ros2_homework1_python' for CMake module files
[6.866s] Level 1:colcon.colcon_core.environment:checking '/mnt/c/CS560/f24_robotics/install/webots_ros2_homework1_python' for CMake config files
[7.037s] Level 1:colcon.colcon_core.environment:checking '/mnt/c/CS560/f24_robotics/install/webots_ros2_homework1_python/lib'
[7.046s] Level 1:colcon.colcon_core.environment:checking '/mnt/c/CS560/f24_robotics/install/webots_ros2_homework1_python/bin'
[7.049s] Level 1:colcon.colcon_core.environment:checking '/mnt/c/CS560/f24_robotics/install/webots_ros2_homework1_python/lib/pkgconfig/webots_ros2_homework1_python.pc'
[7.053s] Level 1:colcon.colcon_core.environment:checking '/mnt/c/CS560/f24_robotics/install/webots_ros2_homework1_python/lib/python3.10/site-packages'
[7.058s] Level 1:colcon.colcon_core.shell:create_environment_hook('webots_ros2_homework1_python', 'pythonpath')
[7.059s] INFO:colcon.colcon_core.shell:Creating environment hook '/mnt/c/CS560/f24_robotics/install/webots_ros2_homework1_python/share/webots_ros2_homework1_python/hook/pythonpath.ps1'
[7.085s] INFO:colcon.colcon_core.shell:Creating environment descriptor '/mnt/c/CS560/f24_robotics/install/webots_ros2_homework1_python/share/webots_ros2_homework1_python/hook/pythonpath.dsv'
[7.113s] INFO:colcon.colcon_core.shell:Creating environment hook '/mnt/c/CS560/f24_robotics/install/webots_ros2_homework1_python/share/webots_ros2_homework1_python/hook/pythonpath.sh'
[7.138s] Level 1:colcon.colcon_core.environment:checking '/mnt/c/CS560/f24_robotics/install/webots_ros2_homework1_python/bin'
[7.140s] Level 1:colcon.colcon_core.environment:create_environment_scripts_only(webots_ros2_homework1_python)
[7.141s] INFO:colcon.colcon_core.shell:Creating package script '/mnt/c/CS560/f24_robotics/install/webots_ros2_homework1_python/share/webots_ros2_homework1_python/package.ps1'
[7.164s] INFO:colcon.colcon_core.shell:Creating package descriptor '/mnt/c/CS560/f24_robotics/install/webots_ros2_homework1_python/share/webots_ros2_homework1_python/package.dsv'
[7.184s] INFO:colcon.colcon_core.shell:Creating package script '/mnt/c/CS560/f24_robotics/install/webots_ros2_homework1_python/share/webots_ros2_homework1_python/package.sh'
[7.208s] INFO:colcon.colcon_core.shell:Creating package script '/mnt/c/CS560/f24_robotics/install/webots_ros2_homework1_python/share/webots_ros2_homework1_python/package.bash'
[7.231s] INFO:colcon.colcon_core.shell:Creating package script '/mnt/c/CS560/f24_robotics/install/webots_ros2_homework1_python/share/webots_ros2_homework1_python/package.zsh'
[7.253s] Level 1:colcon.colcon_core.environment:create_file_with_runtime_dependencies(/mnt/c/CS560/f24_robotics/install/webots_ros2_homework1_python/share/colcon-core/packages/webots_ros2_homework1_python)
[7.270s] DEBUG:colcon.colcon_parallel_executor.executor.parallel:closing loop
[7.271s] DEBUG:colcon.colcon_parallel_executor.executor.parallel:loop closed
[7.271s] DEBUG:colcon.colcon_parallel_executor.executor.parallel:run_until_complete finished with '0'
[7.272s] DEBUG:colcon.colcon_core.event_reactor:joining thread
[7.393s] INFO:colcon.colcon_core.plugin_system:Skipping extension 'colcon_notification.desktop_notification.notify_send': Could not find 'notify-send'
[7.394s] INFO:colcon.colcon_core.plugin_system:Skipping extension 'colcon_notification.desktop_notification.terminal_notifier': Not used on non-Darwin systems
[7.394s] INFO:colcon.colcon_core.plugin_system:Skipping extension 'colcon_notification.desktop_notification.win32': Not used on non-Windows systems
[7.395s] INFO:colcon.colcon_notification.desktop_notification:Sending desktop notification using 'notify2'
[7.396s] DEBUG:colcon.colcon_notification.desktop_notification.notify2:Failed to initialize notify2: org.freedesktop.DBus.Error.FileNotFound: Failed to connect to socket /run/user/1000/bus: No such file or directory
[7.397s] DEBUG:colcon.colcon_core.event_reactor:joined thread
[7.398s] INFO:colcon.colcon_core.shell:Creating prefix script '/mnt/c/CS560/f24_robotics/install/local_setup.ps1'
[7.409s] INFO:colcon.colcon_core.shell:Creating prefix util module '/mnt/c/CS560/f24_robotics/install/_local_setup_util_ps1.py'
[7.421s] INFO:colcon.colcon_core.shell:Creating prefix chain script '/mnt/c/CS560/f24_robotics/install/setup.ps1'
[7.444s] INFO:colcon.colcon_core.shell:Creating prefix script '/mnt/c/CS560/f24_robotics/install/local_setup.sh'
[7.454s] INFO:colcon.colcon_core.shell:Creating prefix util module '/mnt/c/CS560/f24_robotics/install/_local_setup_util_sh.py'
[7.464s] INFO:colcon.colcon_core.shell:Creating prefix chain script '/mnt/c/CS560/f24_robotics/install/setup.sh'
[7.484s] INFO:colcon.colcon_core.shell:Creating prefix script '/mnt/c/CS560/f24_robotics/install/local_setup.bash'
[7.493s] INFO:colcon.colcon_core.shell:Creating prefix chain script '/mnt/c/CS560/f24_robotics/install/setup.bash'
[7.516s] INFO:colcon.colcon_core.shell:Creating prefix script '/mnt/c/CS560/f24_robotics/install/local_setup.zsh'
[7.525s] INFO:colcon.colcon_core.shell:Creating prefix chain script '/mnt/c/CS560/f24_robotics/install/setup.zsh'
