[1.758s] Invoking command in '/mnt/c/CS560/f24_robotics/webots_ros2_homework1_python': PYTHONPATH=/mnt/c/CS560/f24_robotics/build/webots_ros2_homework1_python/prefix_override:/usr/lib/python3/dist-packages/colcon_core/task/python/colcon_distutils_commands:/mnt/c/CS560/f24_robotics/install/webots_ros2_homework1_python/lib/python3.10/site-packages:${PYTHONPATH} /usr/bin/python3 -W ignore:setup.py install is deprecated setup.py egg_info --egg-base ../build/webots_ros2_homework1_python build --build-base /mnt/c/CS560/f24_robotics/build/webots_ros2_homework1_python/build install --record /mnt/c/CS560/f24_robotics/build/webots_ros2_homework1_python/install.log --single-version-externally-managed install_data
[2.618s] running egg_info
[2.626s] writing ../build/webots_ros2_homework1_python/webots_ros2_homework1_python.egg-info/PKG-INFO
[2.636s] writing dependency_links to ../build/webots_ros2_homework1_python/webots_ros2_homework1_python.egg-info/dependency_links.txt
[2.645s] writing entry points to ../build/webots_ros2_homework1_python/webots_ros2_homework1_python.egg-info/entry_points.txt
[2.653s] writing requirements to ../build/webots_ros2_homework1_python/webots_ros2_homework1_python.egg-info/requires.txt
[2.658s] writing top-level names to ../build/webots_ros2_homework1_python/webots_ros2_homework1_python.egg-info/top_level.txt
[2.716s] reading manifest file '../build/webots_ros2_homework1_python/webots_ros2_homework1_python.egg-info/SOURCES.txt'
[2.814s] writing manifest file '../build/webots_ros2_homework1_python/webots_ros2_homework1_python.egg-info/SOURCES.txt'
[2.815s] running build
[2.816s] running build_py
[2.867s] copying webots_ros2_homework1_python/webots_ros2_homework1_python.py -> /mnt/c/CS560/f24_robotics/build/webots_ros2_homework1_python/build/lib/webots_ros2_homework1_python
[2.906s] running install
[2.907s] running install_lib
[3.005s] copying /mnt/c/CS560/f24_robotics/build/webots_ros2_homework1_python/build/lib/webots_ros2_homework1_python/webots_ros2_homework1_python.py -> /mnt/c/CS560/f24_robotics/install/webots_ros2_homework1_python/lib/python3.10/site-packages/webots_ros2_homework1_python
[3.120s] byte-compiling /mnt/c/CS560/f24_robotics/install/webots_ros2_homework1_python/lib/python3.10/site-packages/webots_ros2_homework1_python/webots_ros2_homework1_python.py to webots_ros2_homework1_python.cpython-310.pyc
[3.189s] running install_data
[3.281s] running install_egg_info
[3.294s] removing '/mnt/c/CS560/f24_robotics/install/webots_ros2_homework1_python/lib/python3.10/site-packages/webots_ros2_homework1_python-0.0.0-py3.10.egg-info' (and everything under it)
[3.361s] Copying ../build/webots_ros2_homework1_python/webots_ros2_homework1_python.egg-info to /mnt/c/CS560/f24_robotics/install/webots_ros2_homework1_python/lib/python3.10/site-packages/webots_ros2_homework1_python-0.0.0-py3.10.egg-info
[3.653s] running install_scripts
[3.743s] Installing webots_ros2_homework1_python script to /mnt/c/CS560/f24_robotics/install/webots_ros2_homework1_python/lib/webots_ros2_homework1_python
[3.760s] writing list of installed files to '/mnt/c/CS560/f24_robotics/build/webots_ros2_homework1_python/install.log'
[3.793s] Invoked command in '/mnt/c/CS560/f24_robotics/webots_ros2_homework1_python' returned '0': PYTHONPATH=/mnt/c/CS560/f24_robotics/build/webots_ros2_homework1_python/prefix_override:/usr/lib/python3/dist-packages/colcon_core/task/python/colcon_distutils_commands:/mnt/c/CS560/f24_robotics/install/webots_ros2_homework1_python/lib/python3.10/site-packages:${PYTHONPATH} /usr/bin/python3 -W ignore:setup.py install is deprecated setup.py egg_info --egg-base ../build/webots_ros2_homework1_python build --build-base /mnt/c/CS560/f24_robotics/build/webots_ros2_homework1_python/build install --record /mnt/c/CS560/f24_robotics/build/webots_ros2_homework1_python/install.log --single-version-externally-managed install_data
