[1.288s] DEBUG:colcon:Command line arguments: ['/usr/bin/colcon', 'build']
[1.289s] DEBUG:colcon:Parsed command line arguments: Namespace(log_base=None, log_level=None, verb_name='build', build_base='build', install_base='install', merge_install=False, symlink_install=False, test_result_base=None, continue_on_error=False, executor='parallel', parallel_workers=8, event_handlers=None, ignore_user_meta=False, metas=['./colcon.meta'], base_paths=['.'], packages_ignore=None, packages_ignore_regex=None, paths=None, packages_up_to=None, packages_up_to_regex=None, packages_above=None, packages_above_and_dependencies=None, packages_above_depth=None, packages_select_by_dep=None, packages_skip_by_dep=None, packages_skip_up_to=None, packages_select_build_failed=False, packages_skip_build_finished=False, packages_select_test_failures=False, packages_skip_test_passed=False, packages_select=None, packages_skip=None, packages_select_regex=None, packages_skip_regex=None, packages_start=None, packages_end=None, allow_overriding=[], cmake_args=None, cmake_target=None, cmake_target_skip_unavailable=False, cmake_clean_cache=False, cmake_clean_first=False, cmake_force_configure=False, ament_cmake_args=None, catkin_cmake_args=None, catkin_skip_building_tests=False, mixin_files=None, mixin=None, verb_parser=<colcon_mixin.mixin.mixin_argument.MixinArgumentDecorator object at 0x7f6895b9e170>, verb_extension=<colcon_core.verb.build.BuildVerb object at 0x7f6895b9dcc0>, main=<bound method BuildVerb.main of <colcon_core.verb.build.BuildVerb object at 0x7f6895b9dcc0>>, mixin_verb=('build',))
[1.707s] Level 1:colcon.colcon_core.package_discovery:discover_packages(colcon_meta) check parameters
[1.709s] Level 1:colcon.colcon_core.package_discovery:discover_packages(recursive) check parameters
[1.709s] Level 1:colcon.colcon_core.package_discovery:discover_packages(ignore) check parameters
[1.710s] Level 1:colcon.colcon_core.package_discovery:discover_packages(path) check parameters
[1.710s] Level 1:colcon.colcon_core.package_discovery:discover_packages(colcon_meta) discover
[1.711s] Level 1:colcon.colcon_core.package_discovery:discover_packages(recursive) discover
[1.711s] INFO:colcon.colcon_core.package_discovery:Crawling recursively for packages in '/mnt/c/CS560/f24_robotics'
[1.715s] Level 1:colcon.colcon_core.package_identification:_identify(.) by extensions ['ignore', 'ignore_ament_install']
[1.716s] Level 1:colcon.colcon_core.package_identification:_identify(.) by extension 'ignore'
[1.717s] Level 1:colcon.colcon_core.package_identification:_identify(.) by extension 'ignore_ament_install'
[1.719s] Level 1:colcon.colcon_core.package_identification:_identify(.) by extensions ['colcon_pkg']
[1.719s] Level 1:colcon.colcon_core.package_identification:_identify(.) by extension 'colcon_pkg'
[1.720s] Level 1:colcon.colcon_core.package_identification:_identify(.) by extensions ['colcon_meta']
[1.721s] Level 1:colcon.colcon_core.package_identification:_identify(.) by extension 'colcon_meta'
[1.721s] Level 1:colcon.colcon_core.package_identification:_identify(.) by extensions ['ros']
[1.722s] Level 1:colcon.colcon_core.package_identification:_identify(.) by extension 'ros'
[1.756s] Level 1:colcon.colcon_core.package_identification:_identify(.) by extensions ['cmake', 'python']
[1.756s] Level 1:colcon.colcon_core.package_identification:_identify(.) by extension 'cmake'
[1.757s] Level 1:colcon.colcon_core.package_identification:_identify(.) by extension 'python'
[1.758s] Level 1:colcon.colcon_core.package_identification:_identify(.) by extensions ['python_setup_py']
[1.758s] Level 1:colcon.colcon_core.package_identification:_identify(.) by extension 'python_setup_py'
[1.766s] Level 1:colcon.colcon_core.package_identification:_identify(Homework1) by extensions ['ignore', 'ignore_ament_install']
[1.766s] Level 1:colcon.colcon_core.package_identification:_identify(Homework1) by extension 'ignore'
[1.769s] Level 1:colcon.colcon_core.package_identification:_identify(Homework1) by extension 'ignore_ament_install'
[1.773s] Level 1:colcon.colcon_core.package_identification:_identify(Homework1) by extensions ['colcon_pkg']
[1.774s] Level 1:colcon.colcon_core.package_identification:_identify(Homework1) by extension 'colcon_pkg'
[1.776s] Level 1:colcon.colcon_core.package_identification:_identify(Homework1) by extensions ['colcon_meta']
[1.776s] Level 1:colcon.colcon_core.package_identification:_identify(Homework1) by extension 'colcon_meta'
[1.779s] Level 1:colcon.colcon_core.package_identification:_identify(Homework1) by extensions ['ros']
[1.780s] Level 1:colcon.colcon_core.package_identification:_identify(Homework1) by extension 'ros'
[1.790s] Level 1:colcon.colcon_core.package_identification:_identify(Homework1) by extensions ['cmake', 'python']
[1.791s] Level 1:colcon.colcon_core.package_identification:_identify(Homework1) by extension 'cmake'
[1.793s] Level 1:colcon.colcon_core.package_identification:_identify(Homework1) by extension 'python'
[1.795s] Level 1:colcon.colcon_core.package_identification:_identify(Homework1) by extensions ['python_setup_py']
[1.796s] Level 1:colcon.colcon_core.package_identification:_identify(Homework1) by extension 'python_setup_py'
[1.806s] Level 1:colcon.colcon_core.package_identification:_identify(Resources) by extensions ['ignore', 'ignore_ament_install']
[1.807s] Level 1:colcon.colcon_core.package_identification:_identify(Resources) by extension 'ignore'
[1.810s] Level 1:colcon.colcon_core.package_identification:_identify(Resources) by extension 'ignore_ament_install'
[1.815s] Level 1:colcon.colcon_core.package_identification:_identify(Resources) by extensions ['colcon_pkg']
[1.816s] Level 1:colcon.colcon_core.package_identification:_identify(Resources) by extension 'colcon_pkg'
[1.819s] Level 1:colcon.colcon_core.package_identification:_identify(Resources) by extensions ['colcon_meta']
[1.820s] Level 1:colcon.colcon_core.package_identification:_identify(Resources) by extension 'colcon_meta'
[1.822s] Level 1:colcon.colcon_core.package_identification:_identify(Resources) by extensions ['ros']
[1.823s] Level 1:colcon.colcon_core.package_identification:_identify(Resources) by extension 'ros'
[1.834s] Level 1:colcon.colcon_core.package_identification:_identify(Resources) by extensions ['cmake', 'python']
[1.835s] Level 1:colcon.colcon_core.package_identification:_identify(Resources) by extension 'cmake'
[1.838s] Level 1:colcon.colcon_core.package_identification:_identify(Resources) by extension 'python'
[1.841s] Level 1:colcon.colcon_core.package_identification:_identify(Resources) by extensions ['python_setup_py']
[1.842s] Level 1:colcon.colcon_core.package_identification:_identify(Resources) by extension 'python_setup_py'
[1.853s] Level 1:colcon.colcon_core.package_identification:_identify(build) by extensions ['ignore', 'ignore_ament_install']
[1.854s] Level 1:colcon.colcon_core.package_identification:_identify(build) by extension 'ignore'
[1.858s] Level 1:colcon.colcon_core.package_identification:_identify(build) ignored
[1.867s] Level 1:colcon.colcon_core.package_identification:_identify(install) by extensions ['ignore', 'ignore_ament_install']
[1.868s] Level 1:colcon.colcon_core.package_identification:_identify(install) by extension 'ignore'
[1.873s] Level 1:colcon.colcon_core.package_identification:_identify(install) ignored
[1.893s] Level 1:colcon.colcon_core.package_identification:_identify(log) by extensions ['ignore', 'ignore_ament_install']
[1.894s] Level 1:colcon.colcon_core.package_identification:_identify(log) by extension 'ignore'
[1.897s] Level 1:colcon.colcon_core.package_identification:_identify(log) ignored
[1.907s] Level 1:colcon.colcon_core.package_identification:_identify(webots_ros2_homework1_python) by extensions ['ignore', 'ignore_ament_install']
[1.907s] Level 1:colcon.colcon_core.package_identification:_identify(webots_ros2_homework1_python) by extension 'ignore'
[1.910s] Level 1:colcon.colcon_core.package_identification:_identify(webots_ros2_homework1_python) by extension 'ignore_ament_install'
[1.915s] Level 1:colcon.colcon_core.package_identification:_identify(webots_ros2_homework1_python) by extensions ['colcon_pkg']
[1.916s] Level 1:colcon.colcon_core.package_identification:_identify(webots_ros2_homework1_python) by extension 'colcon_pkg'
[1.919s] Level 1:colcon.colcon_core.package_identification:_identify(webots_ros2_homework1_python) by extensions ['colcon_meta']
[1.920s] Level 1:colcon.colcon_core.package_identification:_identify(webots_ros2_homework1_python) by extension 'colcon_meta'
[1.923s] Level 1:colcon.colcon_core.package_identification:_identify(webots_ros2_homework1_python) by extensions ['ros']
[1.923s] Level 1:colcon.colcon_core.package_identification:_identify(webots_ros2_homework1_python) by extension 'ros'
[1.971s] DEBUG:colcon.colcon_core.package_identification:Package 'webots_ros2_homework1_python' with type 'ros.ament_python' and name 'webots_ros2_homework1_python'
[1.972s] Level 1:colcon.colcon_core.package_discovery:discover_packages(recursive) using defaults
[1.973s] Level 1:colcon.colcon_core.package_discovery:discover_packages(ignore) discover
[1.973s] Level 1:colcon.colcon_core.package_discovery:discover_packages(ignore) using defaults
[1.974s] Level 1:colcon.colcon_core.package_discovery:discover_packages(path) discover
[1.975s] Level 1:colcon.colcon_core.package_discovery:discover_packages(path) using defaults
[2.055s] Level 1:colcon.colcon_core.package_discovery:discover_packages(prefix_path) check parameters
[2.056s] Level 1:colcon.colcon_core.package_discovery:discover_packages(prefix_path) discover
[2.067s] DEBUG:colcon.colcon_installed_package_information.package_discovery:Found 301 installed packages in /opt/ros/humble
[2.071s] Level 1:colcon.colcon_core.package_discovery:discover_packages(prefix_path) using defaults
[2.147s] Level 5:colcon.colcon_core.verb:set package 'webots_ros2_homework1_python' build argument 'cmake_args' from command line to 'None'
[2.148s] Level 5:colcon.colcon_core.verb:set package 'webots_ros2_homework1_python' build argument 'cmake_target' from command line to 'None'
[2.148s] Level 5:colcon.colcon_core.verb:set package 'webots_ros2_homework1_python' build argument 'cmake_target_skip_unavailable' from command line to 'False'
[2.149s] Level 5:colcon.colcon_core.verb:set package 'webots_ros2_homework1_python' build argument 'cmake_clean_cache' from command line to 'False'
[2.149s] Level 5:colcon.colcon_core.verb:set package 'webots_ros2_homework1_python' build argument 'cmake_clean_first' from command line to 'False'
[2.150s] Level 5:colcon.colcon_core.verb:set package 'webots_ros2_homework1_python' build argument 'cmake_force_configure' from command line to 'False'
[2.151s] Level 5:colcon.colcon_core.verb:set package 'webots_ros2_homework1_python' build argument 'ament_cmake_args' from command line to 'None'
[2.151s] Level 5:colcon.colcon_core.verb:set package 'webots_ros2_homework1_python' build argument 'catkin_cmake_args' from command line to 'None'
[2.152s] Level 5:colcon.colcon_core.verb:set package 'webots_ros2_homework1_python' build argument 'catkin_skip_building_tests' from command line to 'False'
[2.152s] DEBUG:colcon.colcon_core.verb:Building package 'webots_ros2_homework1_python' with the following arguments: {'ament_cmake_args': None, 'build_base': '/mnt/c/CS560/f24_robotics/build/webots_ros2_homework1_python', 'catkin_cmake_args': None, 'catkin_skip_building_tests': False, 'cmake_args': None, 'cmake_clean_cache': False, 'cmake_clean_first': False, 'cmake_force_configure': False, 'cmake_target': None, 'cmake_target_skip_unavailable': False, 'install_base': '/mnt/c/CS560/f24_robotics/install/webots_ros2_homework1_python', 'merge_install': False, 'path': '/mnt/c/CS560/f24_robotics/webots_ros2_homework1_python', 'symlink_install': False, 'test_result_base': None}
[2.153s] INFO:colcon.colcon_core.executor:Executing jobs using 'parallel' executor
[2.155s] DEBUG:colcon.colcon_parallel_executor.executor.parallel:run_until_complete
[2.156s] INFO:colcon.colcon_ros.task.ament_python.build:Building ROS package in '/mnt/c/CS560/f24_robotics/webots_ros2_homework1_python' with build type 'ament_python'
[2.157s] Level 1:colcon.colcon_core.shell:create_environment_hook('webots_ros2_homework1_python', 'ament_prefix_path')
[2.173s] INFO:colcon.colcon_core.plugin_system:Skipping extension 'colcon_core.shell.bat': Not used on non-Windows systems
[2.174s] INFO:colcon.colcon_core.shell:Creating environment hook '/mnt/c/CS560/f24_robotics/install/webots_ros2_homework1_python/share/webots_ros2_homework1_python/hook/ament_prefix_path.ps1'
[2.229s] INFO:colcon.colcon_core.shell:Creating environment descriptor '/mnt/c/CS560/f24_robotics/install/webots_ros2_homework1_python/share/webots_ros2_homework1_python/hook/ament_prefix_path.dsv'
[2.286s] INFO:colcon.colcon_core.shell:Creating environment hook '/mnt/c/CS560/f24_robotics/install/webots_ros2_homework1_python/share/webots_ros2_homework1_python/hook/ament_prefix_path.sh'
[2.337s] INFO:colcon.colcon_core.shell:Skip shell extension 'powershell' for command environment: Not usable outside of PowerShell
[2.338s] DEBUG:colcon.colcon_core.shell:Skip shell extension 'dsv' for command environment
[2.800s] INFO:colcon.colcon_core.task.python.build:Building Python package in '/mnt/c/CS560/f24_robotics/webots_ros2_homework1_python'
[2.801s] INFO:colcon.colcon_core.shell:Skip shell extension 'powershell' for command environment: Not usable outside of PowerShell
[2.802s] DEBUG:colcon.colcon_core.shell:Skip shell extension 'dsv' for command environment
[5.526s] DEBUG:colcon.colcon_core.event_handler.log_command:Invoking command in '/mnt/c/CS560/f24_robotics/webots_ros2_homework1_python': PYTHONPATH=/mnt/c/CS560/f24_robotics/build/webots_ros2_homework1_python/prefix_override:/usr/lib/python3/dist-packages/colcon_core/task/python/colcon_distutils_commands:/mnt/c/CS560/f24_robotics/install/webots_ros2_homework1_python/lib/python3.10/site-packages:${PYTHONPATH} /usr/bin/python3 -W ignore:setup.py install is deprecated setup.py egg_info --egg-base ../build/webots_ros2_homework1_python build --build-base /mnt/c/CS560/f24_robotics/build/webots_ros2_homework1_python/build install --record /mnt/c/CS560/f24_robotics/build/webots_ros2_homework1_python/install.log --single-version-externally-managed install_data
[8.318s] DEBUG:colcon.colcon_core.event_handler.log_command:Invoked command in '/mnt/c/CS560/f24_robotics/webots_ros2_homework1_python' returned '0': PYTHONPATH=/mnt/c/CS560/f24_robotics/build/webots_ros2_homework1_python/prefix_override:/usr/lib/python3/dist-packages/colcon_core/task/python/colcon_distutils_commands:/mnt/c/CS560/f24_robotics/install/webots_ros2_homework1_python/lib/python3.10/site-packages:${PYTHONPATH} /usr/bin/python3 -W ignore:setup.py install is deprecated setup.py egg_info --egg-base ../build/webots_ros2_homework1_python build --build-base /mnt/c/CS560/f24_robotics/build/webots_ros2_homework1_python/build install --record /mnt/c/CS560/f24_robotics/build/webots_ros2_homework1_python/install.log --single-version-externally-managed install_data
[8.328s] Level 1:colcon.colcon_core.environment:checking '/mnt/c/CS560/f24_robotics/install/webots_ros2_homework1_python' for CMake module files
[8.427s] Level 1:colcon.colcon_core.environment:checking '/mnt/c/CS560/f24_robotics/install/webots_ros2_homework1_python' for CMake config files
[8.596s] Level 1:colcon.colcon_core.environment:checking '/mnt/c/CS560/f24_robotics/install/webots_ros2_homework1_python/lib'
[8.602s] Level 1:colcon.colcon_core.environment:checking '/mnt/c/CS560/f24_robotics/install/webots_ros2_homework1_python/bin'
[8.603s] Level 1:colcon.colcon_core.environment:checking '/mnt/c/CS560/f24_robotics/install/webots_ros2_homework1_python/lib/pkgconfig/webots_ros2_homework1_python.pc'
[8.604s] Level 1:colcon.colcon_core.environment:checking '/mnt/c/CS560/f24_robotics/install/webots_ros2_homework1_python/lib/python3.10/site-packages'
[8.608s] Level 1:colcon.colcon_core.shell:create_environment_hook('webots_ros2_homework1_python', 'pythonpath')
[8.609s] INFO:colcon.colcon_core.shell:Creating environment hook '/mnt/c/CS560/f24_robotics/install/webots_ros2_homework1_python/share/webots_ros2_homework1_python/hook/pythonpath.ps1'
[8.636s] INFO:colcon.colcon_core.shell:Creating environment descriptor '/mnt/c/CS560/f24_robotics/install/webots_ros2_homework1_python/share/webots_ros2_homework1_python/hook/pythonpath.dsv'
[8.659s] INFO:colcon.colcon_core.shell:Creating environment hook '/mnt/c/CS560/f24_robotics/install/webots_ros2_homework1_python/share/webots_ros2_homework1_python/hook/pythonpath.sh'
[8.682s] Level 1:colcon.colcon_core.environment:checking '/mnt/c/CS560/f24_robotics/install/webots_ros2_homework1_python/bin'
[8.684s] Level 1:colcon.colcon_core.environment:create_environment_scripts_only(webots_ros2_homework1_python)
[8.685s] INFO:colcon.colcon_core.shell:Creating package script '/mnt/c/CS560/f24_robotics/install/webots_ros2_homework1_python/share/webots_ros2_homework1_python/package.ps1'
[8.705s] INFO:colcon.colcon_core.shell:Creating package descriptor '/mnt/c/CS560/f24_robotics/install/webots_ros2_homework1_python/share/webots_ros2_homework1_python/package.dsv'
[8.727s] INFO:colcon.colcon_core.shell:Creating package script '/mnt/c/CS560/f24_robotics/install/webots_ros2_homework1_python/share/webots_ros2_homework1_python/package.sh'
[8.751s] INFO:colcon.colcon_core.shell:Creating package script '/mnt/c/CS560/f24_robotics/install/webots_ros2_homework1_python/share/webots_ros2_homework1_python/package.bash'
[8.773s] INFO:colcon.colcon_core.shell:Creating package script '/mnt/c/CS560/f24_robotics/install/webots_ros2_homework1_python/share/webots_ros2_homework1_python/package.zsh'
[8.796s] Level 1:colcon.colcon_core.environment:create_file_with_runtime_dependencies(/mnt/c/CS560/f24_robotics/install/webots_ros2_homework1_python/share/colcon-core/packages/webots_ros2_homework1_python)
[8.813s] DEBUG:colcon.colcon_parallel_executor.executor.parallel:closing loop
[8.813s] DEBUG:colcon.colcon_parallel_executor.executor.parallel:loop closed
[8.813s] DEBUG:colcon.colcon_parallel_executor.executor.parallel:run_until_complete finished with '0'
[8.814s] DEBUG:colcon.colcon_core.event_reactor:joining thread
[8.949s] INFO:colcon.colcon_core.plugin_system:Skipping extension 'colcon_notification.desktop_notification.notify_send': Could not find 'notify-send'
[8.949s] INFO:colcon.colcon_core.plugin_system:Skipping extension 'colcon_notification.desktop_notification.terminal_notifier': Not used on non-Darwin systems
[8.950s] INFO:colcon.colcon_core.plugin_system:Skipping extension 'colcon_notification.desktop_notification.win32': Not used on non-Windows systems
[8.950s] INFO:colcon.colcon_notification.desktop_notification:Sending desktop notification using 'notify2'
[8.951s] DEBUG:colcon.colcon_notification.desktop_notification.notify2:Failed to initialize notify2: org.freedesktop.DBus.Error.FileNotFound: Failed to connect to socket /run/user/1000/bus: No such file or directory
[8.951s] DEBUG:colcon.colcon_core.event_reactor:joined thread
[8.952s] INFO:colcon.colcon_core.shell:Creating prefix script '/mnt/c/CS560/f24_robotics/install/local_setup.ps1'
[8.970s] INFO:colcon.colcon_core.shell:Creating prefix util module '/mnt/c/CS560/f24_robotics/install/_local_setup_util_ps1.py'
[8.984s] INFO:colcon.colcon_core.shell:Creating prefix chain script '/mnt/c/CS560/f24_robotics/install/setup.ps1'
[8.999s] INFO:colcon.colcon_core.shell:Creating prefix script '/mnt/c/CS560/f24_robotics/install/local_setup.sh'
[9.011s] INFO:colcon.colcon_core.shell:Creating prefix util module '/mnt/c/CS560/f24_robotics/install/_local_setup_util_sh.py'
[9.023s] INFO:colcon.colcon_core.shell:Creating prefix chain script '/mnt/c/CS560/f24_robotics/install/setup.sh'
[9.037s] INFO:colcon.colcon_core.shell:Creating prefix script '/mnt/c/CS560/f24_robotics/install/local_setup.bash'
[9.050s] INFO:colcon.colcon_core.shell:Creating prefix chain script '/mnt/c/CS560/f24_robotics/install/setup.bash'
[9.063s] INFO:colcon.colcon_core.shell:Creating prefix script '/mnt/c/CS560/f24_robotics/install/local_setup.zsh'
[9.076s] INFO:colcon.colcon_core.shell:Creating prefix chain script '/mnt/c/CS560/f24_robotics/install/setup.zsh'
