running egg_info
creating ../build/zackmichaels_proj_1/zackmichaels_proj_1.egg-info
writing ../build/zackmichaels_proj_1/zackmichaels_proj_1.egg-info/PKG-INFO
writing dependency_links to ../build/zackmichaels_proj_1/zackmichaels_proj_1.egg-info/dependency_links.txt
writing entry points to ../build/zackmichaels_proj_1/zackmichaels_proj_1.egg-info/entry_points.txt
writing requirements to ../build/zackmichaels_proj_1/zackmichaels_proj_1.egg-info/requires.txt
writing top-level names to ../build/zackmichaels_proj_1/zackmichaels_proj_1.egg-info/top_level.txt
writing manifest file '../build/zackmichaels_proj_1/zackmichaels_proj_1.egg-info/SOURCES.txt'
reading manifest file '../build/zackmichaels_proj_1/zackmichaels_proj_1.egg-info/SOURCES.txt'
writing manifest file '../build/zackmichaels_proj_1/zackmichaels_proj_1.egg-info/SOURCES.txt'
running build
running build_py
creating /mnt/c/CS560/zackmichaels_proj_1/build/zackmichaels_proj_1/build
creating /mnt/c/CS560/zackmichaels_proj_1/build/zackmichaels_proj_1/build/lib
creating /mnt/c/CS560/zackmichaels_proj_1/build/zackmichaels_proj_1/build/lib/zackmichaels_proj_1_python
copying zackmichaels_proj_1_python/__init__.py -> /mnt/c/CS560/zackmichaels_proj_1/build/zackmichaels_proj_1/build/lib/zackmichaels_proj_1_python
running install
running install_lib
creating /mnt/c/CS560/zackmichaels_proj_1/install/zackmichaels_proj_1/lib/python3.10/site-packages/zackmichaels_proj_1_python
copying /mnt/c/CS560/zackmichaels_proj_1/build/zackmichaels_proj_1/build/lib/zackmichaels_proj_1_python/__init__.py -> /mnt/c/CS560/zackmichaels_proj_1/install/zackmichaels_proj_1/lib/python3.10/site-packages/zackmichaels_proj_1_python
byte-compiling /mnt/c/CS560/zackmichaels_proj_1/install/zackmichaels_proj_1/lib/python3.10/site-packages/zackmichaels_proj_1_python/__init__.py to __init__.cpython-310.pyc
running install_data
creating /mnt/c/CS560/zackmichaels_proj_1/install/zackmichaels_proj_1/share/ament_index
creating /mnt/c/CS560/zackmichaels_proj_1/install/zackmichaels_proj_1/share/ament_index/resource_index
creating /mnt/c/CS560/zackmichaels_proj_1/install/zackmichaels_proj_1/share/ament_index/resource_index/packages
copying resource/zackmichaels_proj_1 -> /mnt/c/CS560/zackmichaels_proj_1/install/zackmichaels_proj_1/share/ament_index/resource_index/packages
creating /mnt/c/CS560/zackmichaels_proj_1/install/zackmichaels_proj_1/share/zackmichaels_proj_1/launch
