[1.064s] Invoking command in '/mnt/c/CS560/zackmichaels_proj_1/zackmichaels_proj_1': PYTHONPATH=/mnt/c/CS560/zackmichaels_proj_1/build/zackmichaels_proj_1/prefix_override:/usr/lib/python3/dist-packages/colcon_core/task/python/colcon_distutils_commands:/mnt/c/CS560/zackmichaels_proj_1/install/zackmichaels_proj_1/lib/python3.10/site-packages:${PYTHONPATH} /usr/bin/python3 -W ignore:setup.py install is deprecated setup.py egg_info --egg-base ../build/zackmichaels_proj_1 build --build-base /mnt/c/CS560/zackmichaels_proj_1/build/zackmichaels_proj_1/build install --record /mnt/c/CS560/zackmichaels_proj_1/build/zackmichaels_proj_1/install.log --single-version-externally-managed install_data
[1.573s] running egg_info
[1.576s] creating ../build/zackmichaels_proj_1/zackmichaels_proj_1.egg-info
[1.582s] writing ../build/zackmichaels_proj_1/zackmichaels_proj_1.egg-info/PKG-INFO
[1.586s] writing dependency_links to ../build/zackmichaels_proj_1/zackmichaels_proj_1.egg-info/dependency_links.txt
[1.591s] writing entry points to ../build/zackmichaels_proj_1/zackmichaels_proj_1.egg-info/entry_points.txt
[1.595s] writing requirements to ../build/zackmichaels_proj_1/zackmichaels_proj_1.egg-info/requires.txt
[1.597s] writing top-level names to ../build/zackmichaels_proj_1/zackmichaels_proj_1.egg-info/top_level.txt
[1.602s] writing manifest file '../build/zackmichaels_proj_1/zackmichaels_proj_1.egg-info/SOURCES.txt'
[1.634s] reading manifest file '../build/zackmichaels_proj_1/zackmichaels_proj_1.egg-info/SOURCES.txt'
[1.676s] writing manifest file '../build/zackmichaels_proj_1/zackmichaels_proj_1.egg-info/SOURCES.txt'
[1.679s] running build
[1.680s] running build_py
[1.683s] creating /mnt/c/CS560/zackmichaels_proj_1/build/zackmichaels_proj_1/build
[1.685s] creating /mnt/c/CS560/zackmichaels_proj_1/build/zackmichaels_proj_1/build/lib
[1.686s] creating /mnt/c/CS560/zackmichaels_proj_1/build/zackmichaels_proj_1/build/lib/zackmichaels_proj_1_python
[1.693s] copying zackmichaels_proj_1_python/__init__.py -> /mnt/c/CS560/zackmichaels_proj_1/build/zackmichaels_proj_1/build/lib/zackmichaels_proj_1_python
[1.702s] running install
[1.703s] running install_lib
[1.718s] creating /mnt/c/CS560/zackmichaels_proj_1/install/zackmichaels_proj_1/lib/python3.10/site-packages/zackmichaels_proj_1_python
[1.728s] copying /mnt/c/CS560/zackmichaels_proj_1/build/zackmichaels_proj_1/build/lib/zackmichaels_proj_1_python/__init__.py -> /mnt/c/CS560/zackmichaels_proj_1/install/zackmichaels_proj_1/lib/python3.10/site-packages/zackmichaels_proj_1_python
[1.750s] byte-compiling /mnt/c/CS560/zackmichaels_proj_1/install/zackmichaels_proj_1/lib/python3.10/site-packages/zackmichaels_proj_1_python/__init__.py to __init__.cpython-310.pyc
[1.770s] running install_data
[1.774s] creating /mnt/c/CS560/zackmichaels_proj_1/install/zackmichaels_proj_1/share/ament_index
[1.776s] creating /mnt/c/CS560/zackmichaels_proj_1/install/zackmichaels_proj_1/share/ament_index/resource_index
[1.778s] creating /mnt/c/CS560/zackmichaels_proj_1/install/zackmichaels_proj_1/share/ament_index/resource_index/packages
[1.785s] copying resource/zackmichaels_proj_1 -> /mnt/c/CS560/zackmichaels_proj_1/install/zackmichaels_proj_1/share/ament_index/resource_index/packages
[1.798s] creating /mnt/c/CS560/zackmichaels_proj_1/install/zackmichaels_proj_1/share/zackmichaels_proj_1/launch
[1.801s] error: can't copy 'zackmichaels_proj_1_launch.py': doesn't exist or not a regular file
[1.820s] Invoked command in '/mnt/c/CS560/zackmichaels_proj_1/zackmichaels_proj_1' returned '1': PYTHONPATH=/mnt/c/CS560/zackmichaels_proj_1/build/zackmichaels_proj_1/prefix_override:/usr/lib/python3/dist-packages/colcon_core/task/python/colcon_distutils_commands:/mnt/c/CS560/zackmichaels_proj_1/install/zackmichaels_proj_1/lib/python3.10/site-packages:${PYTHONPATH} /usr/bin/python3 -W ignore:setup.py install is deprecated setup.py egg_info --egg-base ../build/zackmichaels_proj_1 build --build-base /mnt/c/CS560/zackmichaels_proj_1/build/zackmichaels_proj_1/build install --record /mnt/c/CS560/zackmichaels_proj_1/build/zackmichaels_proj_1/install.log --single-version-externally-managed install_data
